<?xml version="1.0" encoding="utf-8"?><testsuites name="pytest tests"><testsuite name="pytest" errors="0" failures="0" skipped="0" tests="12" time="14.171" timestamp="2026-04-24T20:46:23.304922+00:00" hostname="agent-env-55932bcb-dde9-4120-ad99-a7bd8bdf5775"><testcase classname="backend.tests.test_bloques_1_7.TestBloque1CachetsBase" name="test_get_cachets_base" time="1.739" /><testcase classname="backend.tests.test_bloques_1_7.TestBloque1CachetsBase" name="test_put_cachets_base_persistence" time="2.950" /><testcase classname="backend.tests.test_bloques_1_7.TestBloque2PlantillasDefinitivas" name="test_plantillas_definitivas_cache_previsto_fuente" time="2.121" /><testcase classname="backend.tests.test_bloques_1_7.TestBloque34GestionEconomica" name="test_gestion_economica" time="1.854" /><testcase classname="backend.tests.test_bloques_1_7.TestBloque5Tareas" name="test_01_get_tareas" time="0.635" /><testcase classname="backend.tests.test_bloques_1_7.TestBloque5Tareas" name="test_02_post_tarea" time="0.694" /><testcase classname="backend.tests.test_bloques_1_7.TestBloque5Tareas" name="test_03_put_tarea" time="0.809" /><testcase classname="backend.tests.test_bloques_1_7.TestBloque5Tareas" name="test_04_delete_tarea" time="0.680" /><testcase classname="backend.tests.test_bloques_1_7.TestBloque67Incidencias" name="test_get_incidencias" time="0.653" /><testcase classname="backend.tests.test_bloques_1_7.TestBloque67Incidencias" name="test_post_incidencia" time="0.730" /><testcase classname="backend.tests.test_bloques_1_7.TestRegresion" name="test_login_gestor" time="0.366" /><testcase classname="backend.tests.test_bloques_1_7.TestRegresion" name="test_eventos_list" time="0.851" /></testsuite></testsuites>