<?xml version="1.0" encoding="utf-8"?><testsuites name="pytest tests"><testsuite name="pytest" errors="0" failures="0" skipped="0" tests="8" time="10.871" timestamp="2026-04-21T20:40:29.270396+00:00" hostname="agent-env-55932bcb-dde9-4120-ad99-a7bd8bdf5775"><testcase classname="tests.test_bloque3.TestComentariosReclamacion" name="test_create_and_list_comentario_reclamacion" time="2.399" /><testcase classname="tests.test_bloque3.TestComentariosReclamacion" name="test_create_comentario_evento" time="1.089" /><testcase classname="tests.test_bloque3.TestNotificaciones" name="test_get_notificaciones" time="1.235" /><testcase classname="tests.test_bloque3.TestNotificaciones" name="test_marcar_todas_leidas" time="1.901" /><testcase classname="tests.test_bloque3.TestEmails" name="test_email_status" time="1.217" /><testcase classname="tests.test_bloque3.TestEmails" name="test_email_preview" time="0.886" /><testcase classname="tests.test_bloque3.TestEmails" name="test_email_preview_nueva_convocatoria" time="0.890" /><testcase classname="tests.test_bloque3.TestEmails" name="test_email_test_send" time="1.184" /></testsuite></testsuites>