<?xml version="1.0" encoding="utf-8"?><testsuites name="pytest tests"><testsuite name="pytest" errors="0" failures="0" skipped="0" tests="9" time="24.060" timestamp="2026-04-24T11:52:16.297128+00:00" hostname="agent-env-55932bcb-dde9-4120-ad99-a7bd8bdf5775"><testcase classname="tests.test_bloque_d" name="test_seguimiento_shape_new" time="1.653" /><testcase classname="tests.test_bloque_d" name="test_publicar_despublicar" time="2.417" /><testcase classname="tests.test_bloque_d" name="test_bulk_accion_estados" time="1.508" /><testcase classname="tests.test_bloque_d" name="test_plantillas_definitivas_shape" time="2.315" /><testcase classname="tests.test_bloque_d" name="test_cachets_config_get_put" time="2.468" /><testcase classname="tests.test_bloque_d" name="test_portal_mis_eventos_publicado_only" time="2.391" /><testcase classname="tests.test_bloque_d" name="test_disponibilidad_bulk_y_porcentaje" time="5.479" /><testcase classname="tests.test_bloque_d" name="test_plantillas_guardar" time="4.249" /><testcase classname="tests.test_bloque_d" name="test_upload_justificante" time="1.487" /></testsuite></testsuites>