<?xml version="1.0" encoding="utf-8"?><testsuites name="pytest tests"><testsuite name="pytest" errors="0" failures="0" skipped="1" tests="10" time="17.088" timestamp="2026-04-22T20:40:56.873253+00:00" hostname="agent-env-55932bcb-dde9-4120-ad99-a7bd8bdf5775"><testcase classname="tests.test_bloque_c" name="test_plantilla_descarga_xlsx" time="1.471" /><testcase classname="tests.test_bloque_c" name="test_preview_csv_3_filas" time="0.515" /><testcase classname="tests.test_bloque_c" name="test_importar_csv_crea_usuarios" time="1.940" /><testcase classname="tests.test_bloque_c" name="test_importar_email_repetido_marca_existente" time="0.877" /><testcase classname="tests.test_bloque_c" name="test_seguimiento_estructura" time="0.984" /><testcase classname="tests.test_bloque_c" name="test_bulk_5_estados" time="0.987"><skipped type="pytest.skip" message="No musicos sin Jesús">/app/backend/tests/test_bloque_c.py:155: No musicos sin Jesús</skipped></testcase><testcase classname="tests.test_bloque_c" name="test_delete_musico_ok" time="3.755" /><testcase classname="tests.test_bloque_c" name="test_delete_musico_409_jesus" time="1.600" /><testcase classname="tests.test_bloque_c" name="test_delete_musico_404" time="0.783" /><testcase classname="tests.test_bloque_c" name="test_registro_actividad_musico_eliminado" time="3.961" /></testsuite></testsuites>