<?xml version="1.0" encoding="utf-8"?><testsuites name="pytest tests"><testsuite name="pytest" errors="0" failures="0" skipped="0" tests="7" time="10.876" timestamp="2026-05-03T20:47:45.176008+00:00" hostname="agent-env-55932bcb-dde9-4120-ad99-a7bd8bdf5775"><testcase classname="backend.tests.test_iter_f42_bloques.TestB3EnsayosPorEvento" name="test_b3_1_get_ensayos_evento_200" time="1.957" /><testcase classname="backend.tests.test_iter_f42_bloques.TestB3EnsayosPorEvento" name="test_b3_1_get_ensayos_evento_inexistente_200_vacio" time="0.576" /><testcase classname="backend.tests.test_iter_f42_bloques.TestB4Reclamaciones" name="test_b4_1_get_reclamaciones_200_no_PGRST201" time="0.573" /><testcase classname="backend.tests.test_iter_f42_bloques.TestB2ProgramaMusical" name="test_b2_1_archivo_obras_filter" time="1.063" /><testcase classname="backend.tests.test_iter_f42_bloques.TestB2ProgramaMusical" name="test_b2_1_archivo_obras_q_vacio" time="0.901" /><testcase classname="backend.tests.test_iter_f42_bloques.TestB2ProgramaMusical" name="test_b2_3_patch_autosave_duracion" time="2.618" /><testcase classname="backend.tests.test_iter_f42_bloques.TestB2ProgramaMusical" name="test_b2_5_vincular_obra" time="3.105" /></testsuite></testsuites>