<?xml version="1.0" encoding="utf-8"?><testsuites name="pytest tests"><testsuite name="pytest" errors="0" failures="0" skipped="0" tests="13" time="15.238" timestamp="2026-04-30T12:28:28.831827+00:00" hostname="agent-env-55932bcb-dde9-4120-ad99-a7bd8bdf5775"><testcase classname="backend.tests.test_comidas_iter17.TestComidasGestorCRUD" name="test_get_comidas_empty_ok" time="2.117" /><testcase classname="backend.tests.test_comidas_iter17.TestComidasGestorCRUD" name="test_create_comida_via_put" time="1.435" /><testcase classname="backend.tests.test_comidas_iter17.TestComidasGestorCRUD" name="test_update_comida_via_put" time="1.262" /><testcase classname="backend.tests.test_comidas_iter17.TestComidasGestorCRUD" name="test_confirmaciones_comida" time="1.046" /><testcase classname="backend.tests.test_comidas_iter17.TestComidasGestorCRUD" name="test_global_comidas_view" time="0.772" /><testcase classname="backend.tests.test_comidas_iter17.TestComidasPortal" name="test_get_comidas_musico" time="1.218" /><testcase classname="backend.tests.test_comidas_iter17.TestComidasPortal" name="test_confirmar_comida_si" time="0.764" /><testcase classname="backend.tests.test_comidas_iter17.TestComidasPortal" name="test_confirmar_comida_rechazo" time="0.742" /><testcase classname="backend.tests.test_comidas_iter17.TestComidasPortal" name="test_total_recaudado_con_cafe" time="1.776" /><testcase classname="backend.tests.test_comidas_iter17.TestComidasCleanup" name="test_delete_comida" time="0.628" /><testcase classname="backend.tests.test_comidas_iter17.TestDashboardInformesRegresion" name="test_dashboard_kpi_comidas" time="2.043" /><testcase classname="backend.tests.test_comidas_iter17.TestDashboardInformesRegresion" name="test_informe_K_pdf" time="0.779" /><testcase classname="backend.tests.test_comidas_iter17.TestDashboardInformesRegresion" name="test_logistica_regresion" time="0.588" /></testsuite></testsuites>