<?xml version="1.0" encoding="utf-8"?><testsuites name="pytest tests"><testsuite name="pytest" errors="0" failures="0" skipped="0" tests="9" time="18.373" timestamp="2026-05-03T15:57:44.862584+00:00" hostname="agent-env-55932bcb-dde9-4120-ad99-a7bd8bdf5775"><testcase classname="backend.tests.test_iter_e1_concluir.TestGetPlantillasDefinitivas" name="test_response_has_eventos" time="2.570" /><testcase classname="backend.tests.test_iter_e1_concluir.TestGetPlantillasDefinitivas" name="test_each_evento_has_iter_e1_fields" time="0.000" /><testcase classname="backend.tests.test_iter_e1_concluir.TestGetPlantillasDefinitivas" name="test_at_least_one_open_evento" time="0.000" /><testcase classname="backend.tests.test_iter_e1_concluir.TestConcluirReabrirPlantilla" name="test_404_evento_inexistente_concluir" time="0.643" /><testcase classname="backend.tests.test_iter_e1_concluir.TestConcluirReabrirPlantilla" name="test_404_evento_inexistente_reabrir" time="0.681" /><testcase classname="backend.tests.test_iter_e1_concluir.TestConcluirReabrirPlantilla" name="test_gestor_no_admin_cannot_reabrir" time="0.928" /><testcase classname="backend.tests.test_iter_e1_concluir.TestConcluirReabrirPlantilla" name="test_concluir_then_reabrir_flow" time="10.001" /><testcase classname="backend.tests.test_iter_e1_concluir.TestConcluirReabrirPlantilla" name="test_guardar_evento_abierto_ok_regresion" time="0.537" /><testcase classname="backend.tests.test_iter_e1_concluir.TestJobConcluirEvento" name="test_import_and_invoke" time="2.941" /></testsuite></testsuites>