<?xml version="1.0" encoding="utf-8"?><testsuites name="pytest tests"><testsuite name="pytest" errors="0" failures="0" skipped="0" tests="18" time="22.928" timestamp="2026-05-01T21:29:09.423939+00:00" hostname="agent-env-55932bcb-dde9-4120-ad99-a7bd8bdf5775"><testcase classname="backend.tests.test_iter22_guards_unified.TestAdminEmailBasedSuperAdmin" name="test_auth_me_admin" time="1.163" /><testcase classname="backend.tests.test_iter22_guards_unified.TestAdminEmailBasedSuperAdmin" name="test_get_configuracion_admin" time="0.650" /><testcase classname="backend.tests.test_iter22_guards_unified.TestAdminEmailBasedSuperAdmin" name="test_put_configuracion_admin_is_allowed" time="1.367" /><testcase classname="backend.tests.test_iter22_guards_unified.TestAdminEmailBasedSuperAdmin" name="test_put_registro_publico_config_admin" time="1.659" /><testcase classname="backend.tests.test_iter22_guards_unified.TestAdminEmailBasedSuperAdmin" name="test_generar_token_preview_admin" time="1.053" /><testcase classname="backend.tests.test_iter22_guards_unified.TestAdminEmailBasedSuperAdmin" name="test_recordatorios_send_monthly_summary_admin" time="9.017" /><testcase classname="backend.tests.test_iter22_guards_unified.TestDirectorGeneralAccess" name="test_configuracion_dg" time="1.125" /><testcase classname="backend.tests.test_iter22_guards_unified.TestDirectorGeneralAccess" name="test_registro_publico_config_dg" time="0.841" /><testcase classname="backend.tests.test_iter22_guards_unified.TestMusicoDenied" name="test_musico_blocked_put_configuracion" time="0.856" /><testcase classname="backend.tests.test_iter22_guards_unified.TestMusicoDenied" name="test_musico_blocked_registro_config" time="0.495" /><testcase classname="backend.tests.test_iter22_guards_unified.TestMusicoDenied" name="test_musico_blocked_preview" time="0.487" /><testcase classname="backend.tests.test_iter22_guards_unified.TestPendientesBadge" name="test_gestor_pendientes_has_solicitudes" time="1.301" /><testcase classname="backend.tests.test_iter22_guards_unified.TestSmokeRegression" name="test_login_admin" time="0.386" /><testcase classname="backend.tests.test_iter22_guards_unified.TestSmokeRegression" name="test_login_dg" time="0.433" /><testcase classname="backend.tests.test_iter22_guards_unified.TestSmokeRegression" name="test_login_musico" time="0.429" /><testcase classname="backend.tests.test_iter22_guards_unified.TestSmokeRegression" name="test_portal_mi_perfil_completitud" time="0.486" /><testcase classname="backend.tests.test_iter22_guards_unified.TestSmokeRegression" name="test_gestor_musicos_list" time="0.634" /><testcase classname="backend.tests.test_iter22_guards_unified.TestSmokeRegression" name="test_comunicaciones_catalogo" time="0.455" /></testsuite></testsuites>