<?xml version="1.0" encoding="utf-8"?><testsuites name="pytest tests"><testsuite name="pytest" errors="0" failures="0" skipped="0" tests="13" time="15.878" timestamp="2026-04-30T12:13:38.658342+00:00" hostname="agent-env-55932bcb-dde9-4120-ad99-a7bd8bdf5775"><testcase classname="backend.tests.test_comidas_iter17.TestComidasGestorCRUD" name="test_get_comidas_empty_ok" time="1.936" /><testcase classname="backend.tests.test_comidas_iter17.TestComidasGestorCRUD" name="test_create_comida_via_put" time="1.340" /><testcase classname="backend.tests.test_comidas_iter17.TestComidasGestorCRUD" name="test_update_comida_via_put" time="1.279" /><testcase classname="backend.tests.test_comidas_iter17.TestComidasGestorCRUD" name="test_confirmaciones_comida" time="1.131" /><testcase classname="backend.tests.test_comidas_iter17.TestComidasGestorCRUD" name="test_global_comidas_view" time="0.821" /><testcase classname="backend.tests.test_comidas_iter17.TestComidasPortal" name="test_get_comidas_musico" time="1.204" /><testcase classname="backend.tests.test_comidas_iter17.TestComidasPortal" name="test_confirmar_comida_si" time="0.831" /><testcase classname="backend.tests.test_comidas_iter17.TestComidasPortal" name="test_confirmar_comida_rechazo" time="0.823" /><testcase classname="backend.tests.test_comidas_iter17.TestComidasPortal" name="test_total_recaudado_con_cafe" time="1.922" /><testcase classname="backend.tests.test_comidas_iter17.TestComidasCleanup" name="test_delete_comida" time="0.737" /><testcase classname="backend.tests.test_comidas_iter17.TestDashboardInformesRegresion" name="test_dashboard_kpi_comidas" time="2.308" /><testcase classname="backend.tests.test_comidas_iter17.TestDashboardInformesRegresion" name="test_informe_K_pdf" time="0.848" /><testcase classname="backend.tests.test_comidas_iter17.TestDashboardInformesRegresion" name="test_logistica_regresion" time="0.629" /></testsuite></testsuites>