<?xml version="1.0" encoding="utf-8"?><testsuites name="pytest tests"><testsuite name="pytest" errors="0" failures="0" skipped="0" tests="35" time="107.501" timestamp="2026-05-03T18:04:49.600961+00:00" hostname="agent-env-55932bcb-dde9-4120-ad99-a7bd8bdf5775"><testcase classname="backend.tests.test_iter_f1_provisionales.TestSchemaPlantillas" name="test_campos_provisional_presentes" time="7.663" /><testcase classname="backend.tests.test_iter_f1_provisionales.TestGestorProvisional" name="test_gestor_introduce_cache_extra_es_provisional" time="8.220" /><testcase classname="backend.tests.test_iter_f1_provisionales.TestGestorProvisional" name="test_admin_valida_y_total_incluye" time="6.654" /><testcase classname="backend.tests.test_iter_f1_provisionales.TestGestorProvisional" name="test_validar_ya_validado_400" time="3.239" /><testcase classname="backend.tests.test_iter_f1_provisionales.TestAdminDirecto" name="test_admin_introduce_transporte_no_provisional" time="6.621" /><testcase classname="backend.tests.test_iter_f1_provisionales.TestValidarErrores" name="test_gestor_normal_403" time="0.461" /><testcase classname="backend.tests.test_iter_f1_provisionales.TestValidarErrores" name="test_campo_invalido_400" time="0.464" /><testcase classname="backend.tests.test_iter_f1_provisionales.TestValidarErrores" name="test_gasto_inexistente_404" time="0.696" /><testcase classname="backend.tests.test_iter_f1_provisionales.TestPendientes" name="test_admin_recibe_contador" time="1.561" /><testcase classname="backend.tests.test_iter_f1_provisionales.TestPendientes" name="test_gestor_normal_recibe_cero" time="1.425" /><testcase classname="backend.tests.test_iter_f1_provisionales.TestGestionEconomica" name="test_provisional_excluido_de_total" time="8.160" /><testcase classname="backend.tests.test_iter_e2_cerrar_economico.TestGestionEconomicaSchema" name="test_get_returns_eventos_with_e2_fields" time="4.739" /><testcase classname="backend.tests.test_iter_e2_cerrar_economico.TestGestionEconomicaSchema" name="test_eventos_abiertos_aparecen" time="2.039" /><testcase classname="backend.tests.test_iter_e2_cerrar_economico.TestCerrarEconomicoAuth" name="test_gestor_normal_403" time="0.931" /><testcase classname="backend.tests.test_iter_e2_cerrar_economico.TestCerrarEconomicoAuth" name="test_admin_sin_plantilla_concluida_400" time="3.001" /><testcase classname="backend.tests.test_iter_e2_cerrar_economico.TestCerrarEconomicoAuth" name="test_404_evento_inexistente" time="0.739" /><testcase classname="backend.tests.test_iter_e2_cerrar_economico.TestFlujoCerrarEconomico" name="test_full_flow" time="20.219" /><testcase classname="backend.tests.test_iter_e2_cerrar_economico.TestFlujoCerrarEconomico" name="test_pagos_bulk_regresion_evento_abierto" time="3.094" /><testcase classname="backend.tests.test_iter_e2_cerrar_economico.TestHistorialCierres" name="test_returns_4_tipos" time="0.621" /><testcase classname="backend.tests.test_iter_e2_cerrar_economico.TestJobCerrarEconomico" name="test_import_and_invoke" time="3.019" /><testcase classname="backend.tests.test_iter_e1_concluir.TestGetPlantillasDefinitivas" name="test_response_has_eventos" time="2.854" /><testcase classname="backend.tests.test_iter_e1_concluir.TestGetPlantillasDefinitivas" name="test_each_evento_has_iter_e1_fields" time="0.000" /><testcase classname="backend.tests.test_iter_e1_concluir.TestGetPlantillasDefinitivas" name="test_at_least_one_open_evento" time="0.000" /><testcase classname="backend.tests.test_iter_e1_concluir.TestConcluirReabrirPlantilla" name="test_404_evento_inexistente_concluir" time="0.626" /><testcase classname="backend.tests.test_iter_e1_concluir.TestConcluirReabrirPlantilla" name="test_404_evento_inexistente_reabrir" time="0.627" /><testcase classname="backend.tests.test_iter_e1_concluir.TestConcluirReabrirPlantilla" name="test_gestor_no_admin_cannot_reabrir" time="0.915" /><testcase classname="backend.tests.test_iter_e1_concluir.TestConcluirReabrirPlantilla" name="test_concluir_then_reabrir_flow" time="12.901" /><testcase classname="backend.tests.test_iter_e1_concluir.TestConcluirReabrirPlantilla" name="test_guardar_evento_abierto_ok_regresion" time="0.526" /><testcase classname="backend.tests.test_iter_e1_concluir.TestJobConcluirEvento" name="test_import_and_invoke" time="2.030" /><testcase classname="backend.tests.test_iter_d_comedor.TestComidaSchema" name="test_response_has_eventos" time="2.793" /><testcase classname="backend.tests.test_iter_d_comedor.TestComidaSchema" name="test_each_evento_has_totales_comida" time="0.000" /><testcase classname="backend.tests.test_iter_d_comedor.TestComidaSchema" name="test_each_musico_has_comida_importe" time="0.000" /><testcase classname="backend.tests.test_iter_d_comedor.TestComidaMath" name="test_total_per_musico_consistent_with_comida" time="0.000" /><testcase classname="backend.tests.test_iter_d_comedor.TestComidaMath" name="test_totales_evento_comida_es_suma_musicos" time="0.000" /><testcase classname="backend.tests.test_iter_d_comedor.TestGuardarRegression" name="test_guardar_empty_payload_returns_ok" time="0.566" /></testsuite></testsuites>