<?xml version="1.0" encoding="utf-8"?><testsuites name="pytest tests"><testsuite name="pytest" errors="0" failures="1" skipped="1" tests="18" time="39.262" timestamp="2026-05-01T19:42:25.774613+00:00" hostname="agent-env-55932bcb-dde9-4120-ad99-a7bd8bdf5775"><testcase classname="backend.tests.test_iter20_bloques_bd.TestLoginRegression" name="test_admin_login" time="0.880" /><testcase classname="backend.tests.test_iter20_bloques_bd.TestLoginRegression" name="test_dg_login" time="0.414" /><testcase classname="backend.tests.test_iter20_bloques_bd.TestLoginRegression" name="test_musico_login" time="0.484" /><testcase classname="backend.tests.test_iter20_bloques_bd.TestBloque1Configuracion" name="test_get_config_admin" time="1.368" /><testcase classname="backend.tests.test_iter20_bloques_bd.TestBloque1Configuracion" name="test_put_config_admin" time="1.498" /><testcase classname="backend.tests.test_iter20_bloques_bd.TestBloque1Configuracion" name="test_put_config_dg" time="1.925" /><testcase classname="backend.tests.test_iter20_bloques_bd.TestBloque2FichajeQR" name="test_regenerar_qr_idempotent" time="3.491" /><testcase classname="backend.tests.test_iter20_bloques_bd.TestBloque2FichajeQR" name="test_fichaje_info_by_token" time="1.366" /><testcase classname="backend.tests.test_iter20_bloques_bd.TestBloqueBPreview" name="test_generar_token_admin" time="1.236" /><testcase classname="backend.tests.test_iter20_bloques_bd.TestBloqueBPreview" name="test_get_preview_sin_auth" time="3.628" /><testcase classname="backend.tests.test_iter20_bloques_bd.TestBloqueBPreview" name="test_preview_token_desconocido_404" time="0.295" /><testcase classname="backend.tests.test_iter20_bloques_bd.TestBloqueBPreview" name="test_generar_token_desactiva_anteriores" time="2.641" /><testcase classname="backend.tests.test_iter20_bloques_bd.TestD3Catalogo" name="test_listar_catalogo" time="0.507" /><testcase classname="backend.tests.test_iter20_bloques_bd.TestD3Catalogo" name="test_crear_desde_catalogo" time="1.166" /><testcase classname="backend.tests.test_iter20_bloques_bd.TestD2ResumenMensual" name="test_send_monthly_summary_musicians_admin_email" time="0.489"><failure message="AssertionError: 403 {&quot;detail&quot;:&quot;Solo admin o director_general.&quot;}&#10;assert 403 in (200, 202)&#10; +  where 403 = &lt;Response [403]&gt;.status_code">backend/tests/test_iter20_bloques_bd.py:246: in test_send_monthly_summary_musicians_admin_email
    assert r.status_code in (200, 202), f"{r.status_code} {r.text[:300]}"
E   AssertionError: 403 {"detail":"Solo admin o director_general."}
E   assert 403 in (200, 202)
E    +  where 403 = &lt;Response [403]&gt;.status_code</failure></testcase><testcase classname="backend.tests.test_iter20_bloques_bd.TestD2ResumenMensual" name="test_send_monthly_summary_musicians_dg" time="10.160" /><testcase classname="backend.tests.test_iter20_bloques_bd.TestD4Calendario" name="test_calendario_eventos" time="1.394" /><testcase classname="backend.tests.test_iter20_bloques_bd.TestD1OpcionesMenu" name="test_comidas_confirmaciones_has_desglose" time="6.201"><skipped type="pytest.skip" message="no comida existente en eventos">/app/backend/tests/test_iter20_bloques_bd.py:314: no comida existente en eventos</skipped></testcase></testsuite></testsuites>