<?xml version="1.0" encoding="utf-8"?><testsuites name="pytest tests"><testsuite name="pytest" errors="0" failures="0" skipped="1" tests="50" time="123.904" timestamp="2026-05-03T19:24:48.053872+00:00" hostname="agent-env-55932bcb-dde9-4120-ad99-a7bd8bdf5775"><testcase classname="backend.tests.test_iter_f1_provisionales.TestSchemaPlantillas" name="test_campos_provisional_presentes" time="8.102" /><testcase classname="backend.tests.test_iter_f1_provisionales.TestGestorProvisional" name="test_gestor_introduce_cache_extra_es_provisional" time="8.127" /><testcase classname="backend.tests.test_iter_f1_provisionales.TestGestorProvisional" name="test_admin_valida_y_total_incluye" time="6.580" /><testcase classname="backend.tests.test_iter_f1_provisionales.TestGestorProvisional" name="test_validar_ya_validado_400" time="3.234" /><testcase classname="backend.tests.test_iter_f1_provisionales.TestAdminDirecto" name="test_admin_introduce_transporte_no_provisional" time="6.768" /><testcase classname="backend.tests.test_iter_f1_provisionales.TestValidarErrores" name="test_gestor_normal_403" time="0.461" /><testcase classname="backend.tests.test_iter_f1_provisionales.TestValidarErrores" name="test_campo_invalido_400" time="0.504" /><testcase classname="backend.tests.test_iter_f1_provisionales.TestValidarErrores" name="test_gasto_inexistente_404" time="0.694" /><testcase classname="backend.tests.test_iter_f1_provisionales.TestPendientes" name="test_admin_recibe_contador" time="1.566" /><testcase classname="backend.tests.test_iter_f1_provisionales.TestPendientes" name="test_gestor_normal_recibe_cero" time="1.407" /><testcase classname="backend.tests.test_iter_f1_provisionales.TestGestionEconomica" name="test_provisional_excluido_de_total" time="8.105" /><testcase classname="backend.tests.test_iter_f2_transporte_ops.TestGetOperaciones" name="test_get_operaciones_estructura" time="1.593" /><testcase classname="backend.tests.test_iter_f2_transporte_ops.TestPutCabecera" name="test_put_cabecera_solo_actualiza_cabecera" time="1.583" /><testcase classname="backend.tests.test_iter_f2_transporte_ops.TestPostOperacion" name="test_post_operacion_con_items" time="1.903" /><testcase classname="backend.tests.test_iter_f2_transporte_ops.TestPostOperacion" name="test_post_tipo_invalido_422" time="0.522" /><testcase classname="backend.tests.test_iter_f2_transporte_ops.TestPostOperacion" name="test_post_carga_origen_acepta_items_repetidos" time="1.865" /><testcase classname="backend.tests.test_iter_f2_transporte_ops.TestPutOperacion" name="test_put_operacion_replace_items" time="3.012" /><testcase classname="backend.tests.test_iter_f2_transporte_ops.TestPutOperacion" name="test_put_operacion_404" time="1.013" /><testcase classname="backend.tests.test_iter_f2_transporte_ops.TestDeleteOperacion" name="test_delete_operacion_con_items" time="2.804" /><testcase classname="backend.tests.test_iter_f2_transporte_ops.TestDeleteOperacion" name="test_delete_operacion_404" time="0.626" /><testcase classname="backend.tests.test_iter_f2_transporte_ops.TestTiposValidos" name="test_tipo_valido[carga_origen]" time="0.804" /><testcase classname="backend.tests.test_iter_f2_transporte_ops.TestTiposValidos" name="test_tipo_valido[descarga_destino]" time="0.881" /><testcase classname="backend.tests.test_iter_f2_transporte_ops.TestTiposValidos" name="test_tipo_valido[carga_destino]" time="1.169" /><testcase classname="backend.tests.test_iter_f2_transporte_ops.TestTiposValidos" name="test_tipo_valido[descarga_origen]" time="0.843" /><testcase classname="backend.tests.test_iter_f2_transporte_ops.TestTiposValidos" name="test_tipo_valido[otro]" time="0.785" /><testcase classname="backend.tests.test_iter_f2_transporte_ops.TestListasFavoritas" name="test_get_listas_orden_nombre" time="0.644" /><testcase classname="backend.tests.test_iter_f2_transporte_ops.TestListasFavoritas" name="test_post_lista_creado_por_auto" time="0.612" /><testcase classname="backend.tests.test_iter_f2_transporte_ops.TestListasFavoritas" name="test_put_lista_actualiza" time="2.234" /><testcase classname="backend.tests.test_iter_f2_transporte_ops.TestListasFavoritas" name="test_delete_403_gestor_normal" time="1.170" /><testcase classname="backend.tests.test_iter_f2_transporte_ops.TestListasFavoritas" name="test_delete_admin_ok" time="2.952" /><testcase classname="backend.tests.test_iter_f2_transporte_ops.TestRegresionLegacy" name="test_get_legacy_transporte_material" time="0.620" /><testcase classname="backend.tests.test_iter_f2_transporte_ops.TestRegresionLegacy" name="test_put_legacy_transporte_material" time="11.335" /><testcase classname="backend.tests.test_iter_f3_programa.TestListasFavoritas" name="test_01_get_listas_estructura" time="1.721" /><testcase classname="backend.tests.test_iter_f3_programa.TestListasFavoritas" name="test_02_post_lista_crea_y_persiste" time="1.123" /><testcase classname="backend.tests.test_iter_f3_programa.TestListasFavoritas" name="test_03_put_lista_admin_edita" time="1.283" /><testcase classname="backend.tests.test_iter_f3_programa.TestListasFavoritas" name="test_04_put_otro_usuario_403" time="1.774" /><testcase classname="backend.tests.test_iter_f3_programa.TestListasFavoritas" name="test_05_delete_lista_admin_borra_creada_por_otro" time="1.295" /><testcase classname="backend.tests.test_iter_f3_programa.TestListasFavoritas" name="test_06_delete_lista_otro_gestor_403" time="2.447" /><testcase classname="backend.tests.test_iter_f3_programa.TestListasFavoritas" name="test_07_delete_lista_404" time="0.601" /><testcase classname="backend.tests.test_iter_f3_programa.TestProgramaEvento" name="test_10_post_obra_y_patch" time="2.463" /><testcase classname="backend.tests.test_iter_f3_programa.TestProgramaEvento" name="test_11_patch_404" time="0.555" /><testcase classname="backend.tests.test_iter_f3_programa.TestProgramaEvento" name="test_12_delete_fila" time="1.286" /><testcase classname="backend.tests.test_iter_f3_programa.TestProgramaEvento" name="test_13_delete_404" time="0.568" /><testcase classname="backend.tests.test_iter_f3_programa.TestProgramaEvento" name="test_14_migrar_idempotente_ya_tiene_filas" time="2.304" /><testcase classname="backend.tests.test_iter_f3_programa.TestProgramaEvento" name="test_15_migrar_sin_legacy_devuelve_false" time="12.429"><skipped type="pytest.skip" message="No se encontró evento sin filas y sin legacy program">/app/backend/tests/test_iter_f3_programa.py:329: No se encontró evento sin filas y sin legacy program</skipped></testcase><testcase classname="backend.tests.test_iter_f3_programa.TestProgramaEvento" name="test_16_aplicar_lista_anade_al_final" time="5.598" /><testcase classname="backend.tests.test_iter_f3_programa.TestProgramaEvento" name="test_17_aplicar_lista_404" time="0.585" /><testcase classname="backend.tests.test_iter_f3_programa.TestRegresionPrevias" name="test_20_eventos_listing_ok" time="0.740" /><testcase classname="backend.tests.test_iter_f3_programa.TestRegresionPrevias" name="test_21_transporte_legacy_ok" time="0.559" /><testcase classname="backend.tests.test_iter_f3_programa.TestRegresionPrevias" name="test_22_plantilla_definitiva_ok" time="1.954" /></testsuite></testsuites>