<?xml version="1.0" encoding="utf-8"?><testsuites name="pytest tests"><testsuite name="pytest" errors="0" failures="0" skipped="0" tests="11" time="18.979" timestamp="2026-05-02T10:50:26.972112+00:00" hostname="agent-env-55932bcb-dde9-4120-ad99-a7bd8bdf5775"><testcase classname="backend.tests.test_iter23_bandeja.TestBandejaListado" name="test_inbox_vacia_o_lista" time="1.948" /><testcase classname="backend.tests.test_iter23_bandeja.TestConfigBandeja" name="test_get_config_campos" time="0.662" /><testcase classname="backend.tests.test_iter23_bandeja.TestConfigBandeja" name="test_put_config_persiste" time="1.359" /><testcase classname="backend.tests.test_iter23_bandeja.TestConfigBandeja" name="test_put_password_vacia_no_sobrescribe" time="2.741" /><testcase classname="backend.tests.test_iter23_bandeja.TestConfigBandeja" name="test_test_conexion_credenciales_falsas" time="1.563" /><testcase classname="backend.tests.test_iter23_bandeja.TestSincronizar" name="test_sync_deshabilitado" time="1.306" /><testcase classname="backend.tests.test_iter23_bandeja.TestPermisosAdmin" name="test_put_config_requiere_admin" time="0.930" /><testcase classname="backend.tests.test_iter23_bandeja.TestRespondarYFlujo" name="test_sent_aparece_en_sent" time="2.309" /><testcase classname="backend.tests.test_iter23_bandeja.TestRespondarYFlujo" name="test_marcar_leido" time="1.183" /><testcase classname="backend.tests.test_iter23_bandeja.TestRespondarYFlujo" name="test_marcar_destacado" time="1.857" /><testcase classname="backend.tests.test_iter23_bandeja.TestRespondarYFlujo" name="test_archivar" time="3.009" /></testsuite></testsuites>