<?xml version="1.0" encoding="utf-8"?><testsuites name="pytest tests"><testsuite name="pytest" errors="0" failures="0" skipped="1" tests="10" time="15.737" timestamp="2026-05-02T11:08:03.637949+00:00" hostname="agent-env-55932bcb-dde9-4120-ad99-a7bd8bdf5775"><testcase classname="backend.tests.test_iter27_mejoras.TestWidgetUltimosEmails" name="test_filtro_musico_id_inbox" time="3.137" /><testcase classname="backend.tests.test_iter27_mejoras.TestWidgetUltimosEmails" name="test_filtro_musico_id_sent" time="1.223" /><testcase classname="backend.tests.test_iter27_mejoras.TestConfigFirma" name="test_get_config_incluye_campos_firma" time="0.658" /><testcase classname="backend.tests.test_iter27_mejoras.TestConfigFirma" name="test_put_firma_persiste_o_400_claro" time="0.828"><skipped type="pytest.skip" message="Columna email_firma_html no migrada aún: la columna 'email_firma_html' no existe aún en configuracion_app. ejecuta la sql de migración y vuelve a intentarlo.">/app/backend/tests/test_iter27_mejoras.py:116: Columna email_firma_html no migrada aún: la columna 'email_firma_html' no existe aún en configuracion_app. ejecuta la sql de migración y vuelve a intentarlo.</skipped></testcase><testcase classname="backend.tests.test_iter27_mejoras.TestMarcarTodosLeidos" name="test_marcar_todos_leidos_inbox" time="2.734" /><testcase classname="backend.tests.test_iter27_mejoras.TestMarcarTodosLeidos" name="test_marcar_todos_leidos_sent_no_afecta_inbox" time="0.618" /><testcase classname="backend.tests.test_iter27_mejoras.TestMarcarTodosLeidos" name="test_marcar_todos_leidos_gestor_no_admin_ok" time="1.004" /><testcase classname="backend.tests.test_iter27_mejoras.TestPermisos" name="test_gestor_no_admin_NO_get_config" time="0.499" /><testcase classname="backend.tests.test_iter27_mejoras.TestPermisos" name="test_gestor_no_admin_NO_put_config" time="0.472" /><testcase classname="backend.tests.test_iter27_mejoras.TestResponderFirma" name="test_responder_incluye_firma" time="4.482" /></testsuite></testsuites>