<?xml version="1.0" encoding="utf-8"?><testsuites name="pytest tests"><testsuite name="pytest" errors="0" failures="0" skipped="0" tests="11" time="49.809" timestamp="2026-05-03T17:23:13.506110+00:00" hostname="agent-env-55932bcb-dde9-4120-ad99-a7bd8bdf5775"><testcase classname="backend.tests.test_iter_f1_provisionales.TestSchemaPlantillas" name="test_campos_provisional_presentes" time="9.920" /><testcase classname="backend.tests.test_iter_f1_provisionales.TestGestorProvisional" name="test_gestor_introduce_cache_extra_es_provisional" time="8.651" /><testcase classname="backend.tests.test_iter_f1_provisionales.TestGestorProvisional" name="test_admin_valida_y_total_incluye" time="6.936" /><testcase classname="backend.tests.test_iter_f1_provisionales.TestGestorProvisional" name="test_validar_ya_validado_400" time="3.394" /><testcase classname="backend.tests.test_iter_f1_provisionales.TestAdminDirecto" name="test_admin_introduce_transporte_no_provisional" time="7.230" /><testcase classname="backend.tests.test_iter_f1_provisionales.TestValidarErrores" name="test_gestor_normal_403" time="0.491" /><testcase classname="backend.tests.test_iter_f1_provisionales.TestValidarErrores" name="test_campo_invalido_400" time="0.553" /><testcase classname="backend.tests.test_iter_f1_provisionales.TestValidarErrores" name="test_gasto_inexistente_404" time="0.640" /><testcase classname="backend.tests.test_iter_f1_provisionales.TestPendientes" name="test_admin_recibe_contador" time="1.668" /><testcase classname="backend.tests.test_iter_f1_provisionales.TestPendientes" name="test_gestor_normal_recibe_cero" time="1.501" /><testcase classname="backend.tests.test_iter_f1_provisionales.TestGestionEconomica" name="test_provisional_excluido_de_total" time="8.731" /></testsuite></testsuites>