<?xml version="1.0" encoding="utf-8"?><testsuites name="pytest tests"><testsuite name="pytest" errors="0" failures="0" skipped="0" tests="24" time="63.774" timestamp="2026-05-03T17:24:08.868989+00:00" hostname="agent-env-55932bcb-dde9-4120-ad99-a7bd8bdf5775"><testcase classname="backend.tests.test_iter_d_comedor.TestComidaSchema" name="test_response_has_eventos" time="2.916" /><testcase classname="backend.tests.test_iter_d_comedor.TestComidaSchema" name="test_each_evento_has_totales_comida" time="0.000" /><testcase classname="backend.tests.test_iter_d_comedor.TestComidaSchema" name="test_each_musico_has_comida_importe" time="0.000" /><testcase classname="backend.tests.test_iter_d_comedor.TestComidaMath" name="test_total_per_musico_consistent_with_comida" time="0.000" /><testcase classname="backend.tests.test_iter_d_comedor.TestComidaMath" name="test_totales_evento_comida_es_suma_musicos" time="0.000" /><testcase classname="backend.tests.test_iter_d_comedor.TestGuardarRegression" name="test_guardar_empty_payload_returns_ok" time="0.467" /><testcase classname="backend.tests.test_iter_e1_concluir.TestGetPlantillasDefinitivas" name="test_response_has_eventos" time="2.877" /><testcase classname="backend.tests.test_iter_e1_concluir.TestGetPlantillasDefinitivas" name="test_each_evento_has_iter_e1_fields" time="0.001" /><testcase classname="backend.tests.test_iter_e1_concluir.TestGetPlantillasDefinitivas" name="test_at_least_one_open_evento" time="0.000" /><testcase classname="backend.tests.test_iter_e1_concluir.TestConcluirReabrirPlantilla" name="test_404_evento_inexistente_concluir" time="0.764" /><testcase classname="backend.tests.test_iter_e1_concluir.TestConcluirReabrirPlantilla" name="test_404_evento_inexistente_reabrir" time="0.631" /><testcase classname="backend.tests.test_iter_e1_concluir.TestConcluirReabrirPlantilla" name="test_gestor_no_admin_cannot_reabrir" time="0.860" /><testcase classname="backend.tests.test_iter_e1_concluir.TestConcluirReabrirPlantilla" name="test_concluir_then_reabrir_flow" time="13.294" /><testcase classname="backend.tests.test_iter_e1_concluir.TestConcluirReabrirPlantilla" name="test_guardar_evento_abierto_ok_regresion" time="0.526" /><testcase classname="backend.tests.test_iter_e1_concluir.TestJobConcluirEvento" name="test_import_and_invoke" time="2.633" /><testcase classname="backend.tests.test_iter_e2_cerrar_economico.TestGestionEconomicaSchema" name="test_get_returns_eventos_with_e2_fields" time="4.578" /><testcase classname="backend.tests.test_iter_e2_cerrar_economico.TestGestionEconomicaSchema" name="test_eventos_abiertos_aparecen" time="2.348" /><testcase classname="backend.tests.test_iter_e2_cerrar_economico.TestCerrarEconomicoAuth" name="test_gestor_normal_403" time="0.858" /><testcase classname="backend.tests.test_iter_e2_cerrar_economico.TestCerrarEconomicoAuth" name="test_admin_sin_plantilla_concluida_400" time="3.069" /><testcase classname="backend.tests.test_iter_e2_cerrar_economico.TestCerrarEconomicoAuth" name="test_404_evento_inexistente" time="0.637" /><testcase classname="backend.tests.test_iter_e2_cerrar_economico.TestFlujoCerrarEconomico" name="test_full_flow" time="21.279" /><testcase classname="backend.tests.test_iter_e2_cerrar_economico.TestFlujoCerrarEconomico" name="test_pagos_bulk_regresion_evento_abierto" time="2.998" /><testcase classname="backend.tests.test_iter_e2_cerrar_economico.TestHistorialCierres" name="test_returns_4_tipos" time="0.605" /><testcase classname="backend.tests.test_iter_e2_cerrar_economico.TestJobCerrarEconomico" name="test_import_and_invoke" time="2.343" /></testsuite></testsuites>