<?xml version="1.0" encoding="utf-8"?><testsuites name="pytest tests"><testsuite name="pytest" errors="0" failures="0" skipped="0" tests="9" time="42.801" timestamp="2026-05-03T16:32:50.532292+00:00" hostname="agent-env-55932bcb-dde9-4120-ad99-a7bd8bdf5775"><testcase classname="backend.tests.test_iter_e2_cerrar_economico.TestGestionEconomicaSchema" name="test_get_returns_eventos_with_e2_fields" time="5.994" /><testcase classname="backend.tests.test_iter_e2_cerrar_economico.TestGestionEconomicaSchema" name="test_eventos_abiertos_aparecen" time="2.203" /><testcase classname="backend.tests.test_iter_e2_cerrar_economico.TestCerrarEconomicoAuth" name="test_gestor_normal_403" time="1.025" /><testcase classname="backend.tests.test_iter_e2_cerrar_economico.TestCerrarEconomicoAuth" name="test_admin_sin_plantilla_concluida_400" time="3.360" /><testcase classname="backend.tests.test_iter_e2_cerrar_economico.TestCerrarEconomicoAuth" name="test_404_evento_inexistente" time="0.627" /><testcase classname="backend.tests.test_iter_e2_cerrar_economico.TestFlujoCerrarEconomico" name="test_full_flow" time="22.009" /><testcase classname="backend.tests.test_iter_e2_cerrar_economico.TestFlujoCerrarEconomico" name="test_pagos_bulk_regresion_evento_abierto" time="3.171" /><testcase classname="backend.tests.test_iter_e2_cerrar_economico.TestHistorialCierres" name="test_returns_4_tipos" time="1.153" /><testcase classname="backend.tests.test_iter_e2_cerrar_economico.TestJobCerrarEconomico" name="test_import_and_invoke" time="3.164" /></testsuite></testsuites>