<?xml version="1.0" encoding="utf-8"?><testsuites name="pytest tests"><testsuite name="pytest" errors="0" failures="0" skipped="1" tests="67" time="141.798" timestamp="2026-05-03T20:48:00.161097+00:00" hostname="agent-env-55932bcb-dde9-4120-ad99-a7bd8bdf5775"><testcase classname="backend.tests.test_iter_f4_fichaje_plantillas.TestFichajeConfig" name="test_01_get_config_devuelve_13_campos" time="2.443" /><testcase classname="backend.tests.test_iter_f4_fichaje_plantillas.TestFichajeConfig" name="test_02_put_config_con_5_campos_originales" time="1.486" /><testcase classname="backend.tests.test_iter_f4_fichaje_plantillas.TestFichajeConfig" name="test_03_put_config_con_8_campos_notificaciones" time="1.521" /><testcase classname="backend.tests.test_iter_f4_fichaje_plantillas.TestPlantillasFichaje" name="test_10_get_plantillas_estructura" time="0.681" /><testcase classname="backend.tests.test_iter_f4_fichaje_plantillas.TestPlantillasFichaje" name="test_11_post_plantilla_columnas_planas" time="1.195" /><testcase classname="backend.tests.test_iter_f4_fichaje_plantillas.TestPlantillasFichaje" name="test_12_put_plantilla_admin_edita" time="1.378" /><testcase classname="backend.tests.test_iter_f4_fichaje_plantillas.TestPlantillasFichaje" name="test_13_gestor_normal_403_put_plantilla_de_admin" time="1.091" /><testcase classname="backend.tests.test_iter_f4_fichaje_plantillas.TestPlantillasFichaje" name="test_14_gestor_normal_403_delete_plantilla_de_admin" time="0.571" /><testcase classname="backend.tests.test_iter_f4_fichaje_plantillas.TestPlantillasFichaje" name="test_15_delete_plantilla_404" time="0.574" /><testcase classname="backend.tests.test_iter_f4_fichaje_plantillas.TestPlantillasFichaje" name="test_16_put_plantilla_404" time="0.593" /><testcase classname="backend.tests.test_iter_f4_fichaje_plantillas.TestAplicarPlantilla" name="test_20_aplicar_plantilla_a_ensayo" time="2.377" /><testcase classname="backend.tests.test_iter_f4_fichaje_plantillas.TestAplicarPlantilla" name="test_21_aplicar_plantilla_ensayo_404_plantilla" time="0.581" /><testcase classname="backend.tests.test_iter_f4_fichaje_plantillas.TestAplicarPlantilla" name="test_22_aplicar_plantilla_ensayo_404_ensayo" time="0.785" /><testcase classname="backend.tests.test_iter_f4_fichaje_plantillas.TestAplicarPlantilla" name="test_23_aplicar_plantilla_a_evento" time="1.043" /><testcase classname="backend.tests.test_iter_f4_fichaje_plantillas.TestAplicarPlantilla" name="test_24_aplicar_plantilla_evento_404" time="0.601" /><testcase classname="backend.tests.test_iter_f4_fichaje_plantillas.TestRegresion" name="test_30_listas_obras_favoritas_ok" time="0.579" /><testcase classname="backend.tests.test_iter_f4_fichaje_plantillas.TestRegresion" name="test_31_eventos_ok" time="2.847" /><testcase classname="backend.tests.test_iter_f3_programa.TestListasFavoritas" name="test_01_get_listas_estructura" time="1.755" /><testcase classname="backend.tests.test_iter_f3_programa.TestListasFavoritas" name="test_02_post_lista_crea_y_persiste" time="1.097" /><testcase classname="backend.tests.test_iter_f3_programa.TestListasFavoritas" name="test_03_put_lista_admin_edita" time="1.261" /><testcase classname="backend.tests.test_iter_f3_programa.TestListasFavoritas" name="test_04_put_otro_usuario_403" time="1.828" /><testcase classname="backend.tests.test_iter_f3_programa.TestListasFavoritas" name="test_05_delete_lista_admin_borra_creada_por_otro" time="1.308" /><testcase classname="backend.tests.test_iter_f3_programa.TestListasFavoritas" name="test_06_delete_lista_otro_gestor_403" time="2.414" /><testcase classname="backend.tests.test_iter_f3_programa.TestListasFavoritas" name="test_07_delete_lista_404" time="0.559" /><testcase classname="backend.tests.test_iter_f3_programa.TestProgramaEvento" name="test_10_post_obra_y_patch" time="2.469" /><testcase classname="backend.tests.test_iter_f3_programa.TestProgramaEvento" name="test_11_patch_404" time="0.560" /><testcase classname="backend.tests.test_iter_f3_programa.TestProgramaEvento" name="test_12_delete_fila" time="1.273" /><testcase classname="backend.tests.test_iter_f3_programa.TestProgramaEvento" name="test_13_delete_404" time="0.554" /><testcase classname="backend.tests.test_iter_f3_programa.TestProgramaEvento" name="test_14_migrar_idempotente_ya_tiene_filas" time="2.325" /><testcase classname="backend.tests.test_iter_f3_programa.TestProgramaEvento" name="test_15_migrar_sin_legacy_devuelve_false" time="11.576"><skipped type="pytest.skip" message="No se encontró evento sin filas y sin legacy program">/app/backend/tests/test_iter_f3_programa.py:329: No se encontró evento sin filas y sin legacy program</skipped></testcase><testcase classname="backend.tests.test_iter_f3_programa.TestProgramaEvento" name="test_16_aplicar_lista_anade_al_final" time="5.550" /><testcase classname="backend.tests.test_iter_f3_programa.TestProgramaEvento" name="test_17_aplicar_lista_404" time="0.586" /><testcase classname="backend.tests.test_iter_f3_programa.TestRegresionPrevias" name="test_20_eventos_listing_ok" time="0.728" /><testcase classname="backend.tests.test_iter_f3_programa.TestRegresionPrevias" name="test_21_transporte_legacy_ok" time="0.562" /><testcase classname="backend.tests.test_iter_f3_programa.TestRegresionPrevias" name="test_22_plantilla_definitiva_ok" time="1.943" /><testcase classname="backend.tests.test_iter_f2_transporte_ops.TestGetOperaciones" name="test_get_operaciones_estructura" time="1.664" /><testcase classname="backend.tests.test_iter_f2_transporte_ops.TestPutCabecera" name="test_put_cabecera_solo_actualiza_cabecera" time="1.582" /><testcase classname="backend.tests.test_iter_f2_transporte_ops.TestPostOperacion" name="test_post_operacion_con_items" time="1.956" /><testcase classname="backend.tests.test_iter_f2_transporte_ops.TestPostOperacion" name="test_post_tipo_invalido_422" time="0.554" /><testcase classname="backend.tests.test_iter_f2_transporte_ops.TestPostOperacion" name="test_post_carga_origen_acepta_items_repetidos" time="1.937" /><testcase classname="backend.tests.test_iter_f2_transporte_ops.TestPutOperacion" name="test_put_operacion_replace_items" time="3.046" /><testcase classname="backend.tests.test_iter_f2_transporte_ops.TestPutOperacion" name="test_put_operacion_404" time="0.682" /><testcase classname="backend.tests.test_iter_f2_transporte_ops.TestDeleteOperacion" name="test_delete_operacion_con_items" time="2.891" /><testcase classname="backend.tests.test_iter_f2_transporte_ops.TestDeleteOperacion" name="test_delete_operacion_404" time="0.644" /><testcase classname="backend.tests.test_iter_f2_transporte_ops.TestTiposValidos" name="test_tipo_valido[carga_origen]" time="0.781" /><testcase classname="backend.tests.test_iter_f2_transporte_ops.TestTiposValidos" name="test_tipo_valido[descarga_destino]" time="0.774" /><testcase classname="backend.tests.test_iter_f2_transporte_ops.TestTiposValidos" name="test_tipo_valido[carga_destino]" time="0.833" /><testcase classname="backend.tests.test_iter_f2_transporte_ops.TestTiposValidos" name="test_tipo_valido[descarga_origen]" time="0.819" /><testcase classname="backend.tests.test_iter_f2_transporte_ops.TestTiposValidos" name="test_tipo_valido[otro]" time="0.793" /><testcase classname="backend.tests.test_iter_f2_transporte_ops.TestListasFavoritas" name="test_get_listas_orden_nombre" time="0.658" /><testcase classname="backend.tests.test_iter_f2_transporte_ops.TestListasFavoritas" name="test_post_lista_creado_por_auto" time="0.633" /><testcase classname="backend.tests.test_iter_f2_transporte_ops.TestListasFavoritas" name="test_put_lista_actualiza" time="2.131" /><testcase classname="backend.tests.test_iter_f2_transporte_ops.TestListasFavoritas" name="test_delete_403_gestor_normal" time="1.140" /><testcase classname="backend.tests.test_iter_f2_transporte_ops.TestListasFavoritas" name="test_delete_admin_ok" time="2.103" /><testcase classname="backend.tests.test_iter_f2_transporte_ops.TestRegresionLegacy" name="test_get_legacy_transporte_material" time="0.636" /><testcase classname="backend.tests.test_iter_f2_transporte_ops.TestRegresionLegacy" name="test_put_legacy_transporte_material" time="11.389" /><testcase classname="backend.tests.test_iter_f1_provisionales.TestSchemaPlantillas" name="test_campos_provisional_presentes" time="7.753" /><testcase classname="backend.tests.test_iter_f1_provisionales.TestGestorProvisional" name="test_gestor_introduce_cache_extra_es_provisional" time="8.429" /><testcase classname="backend.tests.test_iter_f1_provisionales.TestGestorProvisional" name="test_admin_valida_y_total_incluye" time="6.449" /><testcase classname="backend.tests.test_iter_f1_provisionales.TestGestorProvisional" name="test_validar_ya_validado_400" time="3.213" /><testcase classname="backend.tests.test_iter_f1_provisionales.TestAdminDirecto" name="test_admin_introduce_transporte_no_provisional" time="6.734" /><testcase classname="backend.tests.test_iter_f1_provisionales.TestValidarErrores" name="test_gestor_normal_403" time="0.466" /><testcase classname="backend.tests.test_iter_f1_provisionales.TestValidarErrores" name="test_campo_invalido_400" time="0.493" /><testcase classname="backend.tests.test_iter_f1_provisionales.TestValidarErrores" name="test_gasto_inexistente_404" time="0.663" /><testcase classname="backend.tests.test_iter_f1_provisionales.TestPendientes" name="test_admin_recibe_contador" time="1.607" /><testcase classname="backend.tests.test_iter_f1_provisionales.TestPendientes" name="test_gestor_normal_recibe_cero" time="1.416" /><testcase classname="backend.tests.test_iter_f1_provisionales.TestGestionEconomica" name="test_provisional_excluido_de_total" time="8.117" /></testsuite></testsuites>