<?xml version="1.0" encoding="utf-8"?><testsuites name="pytest tests"><testsuite name="pytest" errors="0" failures="0" skipped="0" tests="21" time="41.002" timestamp="2026-05-03T18:04:03.564909+00:00" hostname="agent-env-55932bcb-dde9-4120-ad99-a7bd8bdf5775"><testcase classname="backend.tests.test_iter_f2_transporte_ops.TestGetOperaciones" name="test_get_operaciones_estructura" time="2.673" /><testcase classname="backend.tests.test_iter_f2_transporte_ops.TestPutCabecera" name="test_put_cabecera_solo_actualiza_cabecera" time="1.712" /><testcase classname="backend.tests.test_iter_f2_transporte_ops.TestPostOperacion" name="test_post_operacion_con_items" time="2.138" /><testcase classname="backend.tests.test_iter_f2_transporte_ops.TestPostOperacion" name="test_post_tipo_invalido_422" time="0.491" /><testcase classname="backend.tests.test_iter_f2_transporte_ops.TestPostOperacion" name="test_post_carga_origen_acepta_items_repetidos" time="2.014" /><testcase classname="backend.tests.test_iter_f2_transporte_ops.TestPutOperacion" name="test_put_operacion_replace_items" time="3.305" /><testcase classname="backend.tests.test_iter_f2_transporte_ops.TestPutOperacion" name="test_put_operacion_404" time="0.724" /><testcase classname="backend.tests.test_iter_f2_transporte_ops.TestDeleteOperacion" name="test_delete_operacion_con_items" time="3.089" /><testcase classname="backend.tests.test_iter_f2_transporte_ops.TestDeleteOperacion" name="test_delete_operacion_404" time="0.679" /><testcase classname="backend.tests.test_iter_f2_transporte_ops.TestTiposValidos" name="test_tipo_valido[carga_origen]" time="0.920" /><testcase classname="backend.tests.test_iter_f2_transporte_ops.TestTiposValidos" name="test_tipo_valido[descarga_destino]" time="0.835" /><testcase classname="backend.tests.test_iter_f2_transporte_ops.TestTiposValidos" name="test_tipo_valido[carga_destino]" time="0.817" /><testcase classname="backend.tests.test_iter_f2_transporte_ops.TestTiposValidos" name="test_tipo_valido[descarga_origen]" time="0.832" /><testcase classname="backend.tests.test_iter_f2_transporte_ops.TestTiposValidos" name="test_tipo_valido[otro]" time="0.841" /><testcase classname="backend.tests.test_iter_f2_transporte_ops.TestListasFavoritas" name="test_get_listas_orden_nombre" time="0.662" /><testcase classname="backend.tests.test_iter_f2_transporte_ops.TestListasFavoritas" name="test_post_lista_creado_por_auto" time="0.695" /><testcase classname="backend.tests.test_iter_f2_transporte_ops.TestListasFavoritas" name="test_put_lista_actualiza" time="2.220" /><testcase classname="backend.tests.test_iter_f2_transporte_ops.TestListasFavoritas" name="test_delete_403_gestor_normal" time="1.151" /><testcase classname="backend.tests.test_iter_f2_transporte_ops.TestListasFavoritas" name="test_delete_admin_ok" time="2.117" /><testcase classname="backend.tests.test_iter_f2_transporte_ops.TestRegresionLegacy" name="test_get_legacy_transporte_material" time="0.722" /><testcase classname="backend.tests.test_iter_f2_transporte_ops.TestRegresionLegacy" name="test_put_legacy_transporte_material" time="12.246" /></testsuite></testsuites>