<?xml version="1.0" encoding="utf-8"?><testsuites name="pytest tests"><testsuite name="pytest" errors="0" failures="0" skipped="0" tests="20" time="20.626" timestamp="2026-04-28T23:48:54.744255+00:00" hostname="agent-env-55932bcb-dde9-4120-ad99-a7bd8bdf5775"><testcase classname="backend.tests.test_iter15_regression.TestCRMContactos" name="test_resumen" time="1.200" /><testcase classname="backend.tests.test_iter15_regression.TestCRMContactos" name="test_seguimiento_includes_crm_and_estado_invitacion" time="1.569" /><testcase classname="backend.tests.test_iter15_regression.TestCRMContactos" name="test_create_and_list_contacto" time="2.846" /><testcase classname="backend.tests.test_iter15_regression.TestCRMContactos" name="test_create_invalid_tipo" time="0.504" /><testcase classname="backend.tests.test_iter15_regression.TestInvitaciones" name="test_activar_token_invalido_404" time="0.276" /><testcase classname="backend.tests.test_iter15_regression.TestInvitaciones" name="test_invitar_y_activar_get" time="1.826" /><testcase classname="backend.tests.test_iter15_regression.TestPush" name="test_vapid_public_no_auth" time="0.106" /><testcase classname="backend.tests.test_iter15_regression.TestPush" name="test_suscribir" time="0.750" /><testcase classname="backend.tests.test_iter15_regression.TestPush" name="test_push_test_endpoint" time="1.150" /><testcase classname="backend.tests.test_iter15_regression.TestNotifPreferencias" name="test_get_prefs_gestor" time="0.662" /><testcase classname="backend.tests.test_iter15_regression.TestNotifPreferencias" name="test_put_prefs_partial" time="1.620" /><testcase classname="backend.tests.test_iter15_regression.TestRecordatorios" name="test_status" time="0.468" /><testcase classname="backend.tests.test_iter15_regression.TestRecordatorios" name="test_run_now" time="1.804" /><testcase classname="backend.tests.test_iter15_regression.TestRecordatorios" name="test_run_last_call" time="0.778" /><testcase classname="backend.tests.test_iter15_regression.TestRecordatorios" name="test_historial" time="0.816" /><testcase classname="backend.tests.test_iter15_regression.TestRecordatorios" name="test_suscriptores" time="0.824" /><testcase classname="backend.tests.test_iter15_regression.TestRecordatorios" name="test_errores" time="0.511" /><testcase classname="backend.tests.test_iter15_regression.TestRecordatorios" name="test_run_now_gestor_regular_403" time="0.476" /><testcase classname="backend.tests.test_iter15_regression.TestRecordatorios" name="test_historial_gestor_regular_403" time="0.470" /><testcase classname="backend.tests.test_iter15_regression.TestDashboardKPIs" name="test_resumen_includes_new_kpis" time="1.865" /></testsuite></testsuites>