<?xml version="1.0" encoding="utf-8"?><testsuites name="pytest tests"><testsuite name="pytest" errors="0" failures="0" skipped="0" tests="23" time="30.580" timestamp="2026-05-01T20:47:24.325701+00:00" hostname="agent-env-55932bcb-dde9-4120-ad99-a7bd8bdf5775"><testcase classname="backend.tests.test_iter21_bloques.TestBloque1Config" name="test_get_config_admin" time="1.027" /><testcase classname="backend.tests.test_iter21_bloques.TestBloque1Config" name="test_get_config_dg" time="1.030" /><testcase classname="backend.tests.test_iter21_bloques.TestBloque1Config" name="test_put_config_change_mensaje" time="0.998" /><testcase classname="backend.tests.test_iter21_bloques.TestBloque1Config" name="test_regenerar_token_changes_token" time="1.574" /><testcase classname="backend.tests.test_iter21_bloques.TestBloque1Publico" name="test_info_token_valid" time="2.040" /><testcase classname="backend.tests.test_iter21_bloques.TestBloque1Publico" name="test_info_token_invalid" time="1.879" /><testcase classname="backend.tests.test_iter21_bloques.TestBloque1Publico" name="test_info_token_inactivo_410" time="3.816" /><testcase classname="backend.tests.test_iter21_bloques.TestBloque1Publico" name="test_crear_solicitud_email_invalido" time="1.737" /><testcase classname="backend.tests.test_iter21_bloques.TestBloque1Publico" name="test_crear_solicitud_password_corto" time="1.854" /><testcase classname="backend.tests.test_iter21_bloques.TestBloque1Publico" name="test_crear_solicitud_email_existente" time="2.123" /><testcase classname="backend.tests.test_iter21_bloques.TestBloque1Solicitudes" name="test_listar_solicitudes" time="3.965" /><testcase classname="backend.tests.test_iter21_bloques.TestBloque1Solicitudes" name="test_rechazar_sin_motivo" time="0.667" /><testcase classname="backend.tests.test_iter21_bloques.TestBloque1Solicitudes" name="test_rechazar_solicitud" time="1.815" /><testcase classname="backend.tests.test_iter21_bloques.TestBloque1Solicitudes" name="test_no_aprobar_si_ya_rechazada" time="0.772" /><testcase classname="backend.tests.test_iter21_bloques.TestBloque1DCompletitud" name="test_mi_perfil_completitud" time="0.909" /><testcase classname="backend.tests.test_iter21_bloques.TestBloque2CRM" name="test_get_contactos_musico" time="0.657" /><testcase classname="backend.tests.test_iter21_bloques.TestBloque2CRM" name="test_create_contacto_neutro" time="0.664" /><testcase classname="backend.tests.test_iter21_bloques.TestBloque2CRM" name="test_registrar_whatsapp" time="0.726" /><testcase classname="backend.tests.test_iter21_bloques.TestBloque4Plantillas" name="test_catalogo_5_plantillas" time="0.471" /><testcase classname="backend.tests.test_iter21_bloques.TestBloque4Plantillas" name="test_crear_acceso_perfil_creado" time="0.641" /><testcase classname="backend.tests.test_iter21_bloques.TestRegresion" name="test_login_admin" time="0.322" /><testcase classname="backend.tests.test_iter21_bloques.TestRegresion" name="test_login_dg" time="0.396" /><testcase classname="backend.tests.test_iter21_bloques.TestRegresion" name="test_login_musico" time="0.415" /></testsuite></testsuites>