<?xml version="1.0" encoding="utf-8"?><testsuites name="pytest tests"><testsuite name="pytest" errors="0" failures="0" skipped="0" tests="21" time="39.110" timestamp="2026-05-02T11:42:16.530094+00:00" hostname="agent-env-55932bcb-dde9-4120-ad99-a7bd8bdf5775"><testcase classname="backend.tests.test_iter27_mejoras.TestWidgetUltimosEmails" name="test_filtro_musico_id_inbox" time="2.953" /><testcase classname="backend.tests.test_iter27_mejoras.TestWidgetUltimosEmails" name="test_filtro_musico_id_sent" time="1.285" /><testcase classname="backend.tests.test_iter27_mejoras.TestConfigFirma" name="test_get_config_incluye_campos_firma" time="0.645" /><testcase classname="backend.tests.test_iter27_mejoras.TestConfigFirma" name="test_put_firma_persiste_o_400_claro" time="1.547" /><testcase classname="backend.tests.test_iter27_mejoras.TestMarcarTodosLeidos" name="test_marcar_todos_leidos_inbox" time="2.528" /><testcase classname="backend.tests.test_iter27_mejoras.TestMarcarTodosLeidos" name="test_marcar_todos_leidos_sent_no_afecta_inbox" time="0.655" /><testcase classname="backend.tests.test_iter27_mejoras.TestMarcarTodosLeidos" name="test_marcar_todos_leidos_gestor_no_admin_ok" time="1.037" /><testcase classname="backend.tests.test_iter27_mejoras.TestPermisos" name="test_gestor_no_admin_NO_get_config" time="0.467" /><testcase classname="backend.tests.test_iter27_mejoras.TestPermisos" name="test_gestor_no_admin_NO_put_config" time="0.495" /><testcase classname="backend.tests.test_iter27_mejoras.TestResponderFirma" name="test_responder_incluye_firma" time="7.950" /><testcase classname="backend.tests.test_iter23_bandeja.TestBandejaListado" name="test_inbox_vacia_o_lista" time="1.602" /><testcase classname="backend.tests.test_iter23_bandeja.TestConfigBandeja" name="test_get_config_campos" time="0.622" /><testcase classname="backend.tests.test_iter23_bandeja.TestConfigBandeja" name="test_put_config_persiste" time="1.458" /><testcase classname="backend.tests.test_iter23_bandeja.TestConfigBandeja" name="test_put_password_vacia_no_sobrescribe" time="2.850" /><testcase classname="backend.tests.test_iter23_bandeja.TestConfigBandeja" name="test_test_conexion_credenciales_falsas" time="1.586" /><testcase classname="backend.tests.test_iter23_bandeja.TestSincronizar" name="test_sync_deshabilitado" time="1.701" /><testcase classname="backend.tests.test_iter23_bandeja.TestPermisosAdmin" name="test_put_config_requiere_admin" time="0.868" /><testcase classname="backend.tests.test_iter23_bandeja.TestRespondarYFlujo" name="test_sent_aparece_en_sent" time="2.494" /><testcase classname="backend.tests.test_iter23_bandeja.TestRespondarYFlujo" name="test_marcar_leido" time="1.252" /><testcase classname="backend.tests.test_iter23_bandeja.TestRespondarYFlujo" name="test_marcar_destacado" time="1.900" /><testcase classname="backend.tests.test_iter23_bandeja.TestRespondarYFlujo" name="test_archivar" time="3.043" /></testsuite></testsuites>