<?xml version="1.0" encoding="utf-8"?><testsuites name="pytest tests"><testsuite name="pytest" errors="0" failures="0" skipped="1" tests="6" time="7.885" timestamp="2026-05-03T13:33:48.166431+00:00" hostname="agent-env-55932bcb-dde9-4120-ad99-a7bd8bdf5775"><testcase classname="backend.tests.test_iter_c_g" name="test_admin_recibos_listado_contiene_jesus_300" time="1.374" /><testcase classname="backend.tests.test_iter_c_g" name="test_admin_certificados_contiene_jesus_8h" time="0.614" /><testcase classname="backend.tests.test_iter_c_g" name="test_portal_mi_historial_recibos" time="1.065" /><testcase classname="backend.tests.test_iter_c_g" name="test_portal_mi_historial_certificados" time="0.659" /><testcase classname="backend.tests.test_iter_c_g" name="test_fichaje_entrada_token_invalido" time="0.640" /><testcase classname="backend.tests.test_iter_c_g" name="test_fichaje_estado_endpoint_schema" time="3.459"><skipped type="pytest.skip" message="no ensayo/musico id (ensayo=None musico=8bf521fa-dc27-4c5b-8069-d36d3d4eaad3)">/app/backend/tests/test_iter_c_g.py:125: no ensayo/musico id (ensayo=None musico=8bf521fa-dc27-4c5b-8069-d36d3d4eaad3)</skipped></testcase></testsuite></testsuites>