<?xml version="1.0" encoding="utf-8"?><testsuites name="pytest tests"><testsuite name="pytest" errors="0" failures="0" skipped="1" tests="23" time="30.550" timestamp="2026-04-24T23:02:12.795705+00:00" hostname="agent-env-55932bcb-dde9-4120-ad99-a7bd8bdf5775"><testcase classname="backend.tests.test_iter10_regression.TestAuth" name="test_login_gestor_admin" time="0.454" /><testcase classname="backend.tests.test_iter10_regression.TestAuth" name="test_login_gestor_equipo" time="0.417" /><testcase classname="backend.tests.test_iter10_regression.TestAuth" name="test_login_musico" time="0.444" /><testcase classname="backend.tests.test_iter10_regression.TestEventos" name="test_list_eventos" time="1.365" /><testcase classname="backend.tests.test_iter10_regression.TestPresupuestosMatriz" name="test_get_matriz" time="0.945" /><testcase classname="backend.tests.test_iter10_regression.TestPresupuestosMatriz" name="test_bulk_matriz_with_factor_ponderacion" time="2.748" /><testcase classname="backend.tests.test_iter10_regression.TestCachetsConfig" name="test_get_cachets_config" time="0.640" /><testcase classname="backend.tests.test_iter10_regression.TestCachetsConfig" name="test_put_cachets_config_lista_directa" time="0.814" /><testcase classname="backend.tests.test_iter10_regression.TestCachetsConfig" name="test_copy_from_base" time="0.948" /><testcase classname="backend.tests.test_iter10_regression.TestConvocatoria" name="test_get_instrumentos_default" time="2.580" /><testcase classname="backend.tests.test_iter10_regression.TestConvocatoria" name="test_put_instrumentos_and_verify" time="2.247" /><testcase classname="backend.tests.test_iter10_regression.TestPropagacionConvocado" name="test_plantillas_definitivas_has_convocado" time="1.953" /><testcase classname="backend.tests.test_iter10_regression.TestPropagacionConvocado" name="test_seguimiento_has_convocado" time="1.439" /><testcase classname="backend.tests.test_iter10_regression.TestLogistica" name="test_get_logistica" time="0.739" /><testcase classname="backend.tests.test_iter10_regression.TestLogistica" name="test_put_logistica_bulk" time="0.634" /><testcase classname="backend.tests.test_iter10_regression.TestLogistica" name="test_musico_confirmar_logistica" time="1.843" /><testcase classname="backend.tests.test_iter10_regression.TestIncidencias" name="test_gestor_create_with_prioridad" time="1.105" /><testcase classname="backend.tests.test_iter10_regression.TestIncidencias" name="test_portal_create_with_prioridad" time="1.110" /><testcase classname="backend.tests.test_iter10_regression.TestIncidencias" name="test_list_incidencias_has_prioridad" time="0.661" /><testcase classname="backend.tests.test_iter10_regression.TestTareas" name="test_list_tareas" time="0.614" /><testcase classname="backend.tests.test_iter10_regression.TestTareas" name="test_crud_tarea" time="2.186" /><testcase classname="backend.tests.test_iter10_regression.TestEconomia" name="test_gestion_economica_200" time="1.851" /><testcase classname="backend.tests.test_iter10_regression.TestPortalMusico" name="test_mis_eventos_shape" time="2.695"><skipped type="pytest.skip" message="Músico sin eventos asignados">/app/backend/tests/test_iter10_regression.py:433: Músico sin eventos asignados</skipped></testcase></testsuite></testsuites>