<?xml version="1.0" encoding="utf-8"?><testsuites name="pytest tests"><testsuite name="pytest" errors="0" failures="1" skipped="0" tests="15" time="19.320" timestamp="2026-05-01T18:54:39.988312+00:00" hostname="agent-env-55932bcb-dde9-4120-ad99-a7bd8bdf5775"><testcase classname="backend.tests.test_iter19_config_fichaje.TestBloque1Configuracion" name="test_get_configuracion" time="1.494" /><testcase classname="backend.tests.test_iter19_config_fichaje.TestBloque1Configuracion" name="test_get_configuracion_musico_no_editable" time="1.232" /><testcase classname="backend.tests.test_iter19_config_fichaje.TestBloque1Configuracion" name="test_put_configuracion_and_persist" time="2.948" /><testcase classname="backend.tests.test_iter19_config_fichaje.TestBloque1Configuracion" name="test_put_configuracion_forbidden_musico" time="0.517" /><testcase classname="backend.tests.test_iter19_config_fichaje.TestBloque2Fichaje" name="test_get_fichaje_reglas_globales" time="0.667" /><testcase classname="backend.tests.test_iter19_config_fichaje.TestBloque2Fichaje" name="test_put_fichaje_reglas_globales" time="2.150" /><testcase classname="backend.tests.test_iter19_config_fichaje.TestBloque2Fichaje" name="test_registro_asistencia" time="1.268" /><testcase classname="backend.tests.test_iter19_config_fichaje.TestBloque2Fichaje" name="test_regenerar_qr_and_info" time="2.127"><failure message="AssertionError: Internal Server Error&#10;assert 500 == 200&#10; +  where 500 = &lt;Response [500]&gt;.status_code">backend/tests/test_iter19_config_fichaje.py:143: in test_regenerar_qr_and_info
    assert rr.status_code == 200, rr.text
E   AssertionError: Internal Server Error
E   assert 500 == 200
E    +  where 500 = &lt;Response [500]&gt;.status_code</failure></testcase><testcase classname="backend.tests.test_iter19_config_fichaje.TestBloque2Fichaje" name="test_fichaje_entrada_requires_auth" time="0.147" /><testcase classname="backend.tests.test_iter19_config_fichaje.TestRegresion" name="test_login_admin" time="0.335" /><testcase classname="backend.tests.test_iter19_config_fichaje.TestRegresion" name="test_login_director_general" time="0.429" /><testcase classname="backend.tests.test_iter19_config_fichaje.TestRegresion" name="test_login_musico" time="0.418" /><testcase classname="backend.tests.test_iter19_config_fichaje.TestRegresion" name="test_gestor_eventos" time="0.832" /><testcase classname="backend.tests.test_iter19_config_fichaje.TestRegresion" name="test_portal_mis_eventos" time="2.986" /><testcase classname="backend.tests.test_iter19_config_fichaje.TestRegresion" name="test_plantillas_definitivas_not_broken" time="1.666" /></testsuite></testsuites>