<?xml version="1.0" encoding="utf-8"?><testsuites name="pytest tests"><testsuite name="pytest" errors="0" failures="0" skipped="0" tests="6" time="3.781" timestamp="2026-05-03T15:19:35.107331+00:00" hostname="agent-env-55932bcb-dde9-4120-ad99-a7bd8bdf5775"><testcase classname="backend.tests.test_iter_d_comedor.TestComidaSchema" name="test_response_has_eventos" time="3.228" /><testcase classname="backend.tests.test_iter_d_comedor.TestComidaSchema" name="test_each_evento_has_totales_comida" time="0.000" /><testcase classname="backend.tests.test_iter_d_comedor.TestComidaSchema" name="test_each_musico_has_comida_importe" time="0.000" /><testcase classname="backend.tests.test_iter_d_comedor.TestComidaMath" name="test_total_per_musico_consistent_with_comida" time="0.000" /><testcase classname="backend.tests.test_iter_d_comedor.TestComidaMath" name="test_totales_evento_comida_es_suma_musicos" time="0.000" /><testcase classname="backend.tests.test_iter_d_comedor.TestGuardarRegression" name="test_guardar_empty_payload_returns_ok" time="0.481" /></testsuite></testsuites>