<?xml version="1.0" encoding="utf-8"?><testsuites name="pytest tests"><testsuite name="pytest" errors="0" failures="0" skipped="0" tests="39" time="28.560" timestamp="2026-04-26T19:08:54.165150+00:00" hostname="agent-env-55932bcb-dde9-4120-ad99-a7bd8bdf5775"><testcase classname="backend.tests.test_iter11_regression.TestHealthAndAuth" name="test_health" time="0.175" /><testcase classname="backend.tests.test_iter11_regression.TestHealthAndAuth" name="test_login_admin" time="0.428" /><testcase classname="backend.tests.test_iter11_regression.TestHealthAndAuth" name="test_login_musico" time="0.441" /><testcase classname="backend.tests.test_iter11_regression.TestHealthAndAuth" name="test_login_invalid" time="0.325" /><testcase classname="backend.tests.test_iter11_regression.TestHealthAndAuth" name="test_auth_me" time="0.537" /><testcase classname="backend.tests.test_iter11_regression.TestGestorBase" name="test_eventos" time="0.836" /><testcase classname="backend.tests.test_iter11_regression.TestGestorBase" name="test_musicos" time="0.649" /><testcase classname="backend.tests.test_iter11_regression.TestGestorBase" name="test_musicos_filtros" time="0.670" /><testcase classname="backend.tests.test_iter11_regression.TestIncidencias" name="test_listado_con_kpis" time="0.665" /><testcase classname="backend.tests.test_iter11_regression.TestIncidencias" name="test_create_persisted" time="1.748" /><testcase classname="backend.tests.test_iter11_regression.TestIncidencias" name="test_mis_incidencias" time="0.100" /><testcase classname="backend.tests.test_iter11_regression.TestIncidencias" name="test_upload_screenshot_endpoint_existe" time="0.508" /><testcase classname="backend.tests.test_iter11_regression.TestIncidencias" name="test_upload_screenshot_con_archivo_dummy" time="0.472" /><testcase classname="backend.tests.test_iter11_regression.TestIncidencias" name="test_cleanup_incidencia" time="0.689" /><testcase classname="backend.tests.test_iter11_regression.TestEconomia" name="test_presupuestos_legacy" time="0.788" /><testcase classname="backend.tests.test_iter11_regression.TestEconomia" name="test_presupuestos_economia_path" time="0.111" /><testcase classname="backend.tests.test_iter11_regression.TestEconomia" name="test_asistencia_pagos" time="0.115" /><testcase classname="backend.tests.test_iter11_regression.TestEconomia" name="test_pagos_marcar_todos" time="0.129" /><testcase classname="backend.tests.test_iter11_regression.TestEconomia" name="test_gestion_economica" time="1.932" /><testcase classname="backend.tests.test_iter11_regression.TestTareas" name="test_listado" time="0.686" /><testcase classname="backend.tests.test_iter11_regression.TestTareas" name="test_create" time="0.754" /><testcase classname="backend.tests.test_iter11_regression.TestTareas" name="test_comentarios" time="0.109" /><testcase classname="backend.tests.test_iter11_regression.TestTareas" name="test_cleanup" time="0.647" /><testcase classname="backend.tests.test_iter11_regression.TestMensajes" name="test_canales" time="0.821" /><testcase classname="backend.tests.test_iter11_regression.TestMensajes" name="test_general_get" time="0.643" /><testcase classname="backend.tests.test_iter11_regression.TestMensajes" name="test_general_post" time="0.797" /><testcase classname="backend.tests.test_iter11_regression.TestMensajes" name="test_no_leidos" time="1.577" /><testcase classname="backend.tests.test_iter11_regression.TestArchivo" name="test_obras_listado" time="0.676" /><testcase classname="backend.tests.test_iter11_regression.TestArchivo" name="test_prestamos" time="0.657" /><testcase classname="backend.tests.test_iter11_regression.TestArchivo" name="test_alertas" time="0.957" /><testcase classname="backend.tests.test_iter11_regression.TestArchivo" name="test_secciones_endpoint" time="0.229" /><testcase classname="backend.tests.test_iter11_regression.TestArchivo" name="test_plantilla_obras" time="0.509" /><testcase classname="backend.tests.test_iter11_regression.TestArchivo" name="test_obra_creada_persistida" time="2.627" /><testcase classname="backend.tests.test_iter11_regression.TestPortal" name="test_mis_eventos" time="3.029" /><testcase classname="backend.tests.test_iter11_regression.TestPortal" name="test_calendario" time="0.800" /><testcase classname="backend.tests.test_iter11_regression.TestRoleGuards" name="test_musico_no_accede_a_gestor_eventos" time="0.466" /><testcase classname="backend.tests.test_iter11_regression.TestRoleGuards" name="test_musico_no_accede_a_gestor_archivo" time="0.504" /><testcase classname="backend.tests.test_iter11_regression.TestRoleGuards" name="test_musico_no_accede_a_gestor_mensajes" time="0.492" /><testcase classname="backend.tests.test_iter11_regression.TestRoleGuards" name="test_unauth_no_accede_a_gestor" time="0.145" /></testsuite></testsuites>