<?xml version="1.0" encoding="utf-8"?><testsuites name="pytest tests"><testsuite name="pytest" errors="0" failures="0" skipped="0" tests="11" time="13.113" timestamp="2026-04-28T11:36:25.151917+00:00" hostname="agent-env-55932bcb-dde9-4120-ad99-a7bd8bdf5775"><testcase classname="backend.tests.test_informes_iter12" name="test_preview_tipo[A]" time="2.853" /><testcase classname="backend.tests.test_informes_iter12" name="test_preview_tipo[E]" time="1.155" /><testcase classname="backend.tests.test_informes_iter12" name="test_preview_tipo[F]" time="0.862" /><testcase classname="backend.tests.test_informes_iter12" name="test_generar_pdf[A]" time="1.307" /><testcase classname="backend.tests.test_informes_iter12" name="test_generar_pdf[B]" time="1.239" /><testcase classname="backend.tests.test_informes_iter12" name="test_generar_pdf[C]" time="0.860" /><testcase classname="backend.tests.test_informes_iter12" name="test_generar_pdf[D]" time="0.824" /><testcase classname="backend.tests.test_informes_iter12" name="test_generar_pdf[E]" time="0.987" /><testcase classname="backend.tests.test_informes_iter12" name="test_generar_pdf[F]" time="1.140" /><testcase classname="backend.tests.test_informes_iter12" name="test_generar_pdf[G]" time="1.316" /><testcase classname="backend.tests.test_informes_iter12" name="test_generar_pdf[H]" time="0.499" /></testsuite></testsuites>