<?xml version="1.0" encoding="utf-8"?><testsuites name="pytest tests"><testsuite name="pytest" errors="0" failures="0" skipped="1" tests="18" time="40.791" timestamp="2026-05-03T18:58:41.076816+00:00" hostname="agent-env-55932bcb-dde9-4120-ad99-a7bd8bdf5775"><testcase classname="backend.tests.test_iter_f3_programa.TestListasFavoritas" name="test_01_get_listas_estructura" time="2.325" /><testcase classname="backend.tests.test_iter_f3_programa.TestListasFavoritas" name="test_02_post_lista_crea_y_persiste" time="1.168" /><testcase classname="backend.tests.test_iter_f3_programa.TestListasFavoritas" name="test_03_put_lista_admin_edita" time="1.551" /><testcase classname="backend.tests.test_iter_f3_programa.TestListasFavoritas" name="test_04_put_otro_usuario_403" time="1.863" /><testcase classname="backend.tests.test_iter_f3_programa.TestListasFavoritas" name="test_05_delete_lista_admin_borra_creada_por_otro" time="1.285" /><testcase classname="backend.tests.test_iter_f3_programa.TestListasFavoritas" name="test_06_delete_lista_otro_gestor_403" time="2.702" /><testcase classname="backend.tests.test_iter_f3_programa.TestListasFavoritas" name="test_07_delete_lista_404" time="0.596" /><testcase classname="backend.tests.test_iter_f3_programa.TestProgramaEvento" name="test_10_post_obra_y_patch" time="2.547" /><testcase classname="backend.tests.test_iter_f3_programa.TestProgramaEvento" name="test_11_patch_404" time="0.610" /><testcase classname="backend.tests.test_iter_f3_programa.TestProgramaEvento" name="test_12_delete_fila" time="1.347" /><testcase classname="backend.tests.test_iter_f3_programa.TestProgramaEvento" name="test_13_delete_404" time="0.575" /><testcase classname="backend.tests.test_iter_f3_programa.TestProgramaEvento" name="test_14_migrar_idempotente_ya_tiene_filas" time="2.336" /><testcase classname="backend.tests.test_iter_f3_programa.TestProgramaEvento" name="test_15_migrar_sin_legacy_devuelve_false" time="12.460"><skipped type="pytest.skip" message="No se encontró evento sin filas y sin legacy program">/app/backend/tests/test_iter_f3_programa.py:329: No se encontró evento sin filas y sin legacy program</skipped></testcase><testcase classname="backend.tests.test_iter_f3_programa.TestProgramaEvento" name="test_16_aplicar_lista_anade_al_final" time="5.501" /><testcase classname="backend.tests.test_iter_f3_programa.TestProgramaEvento" name="test_17_aplicar_lista_404" time="0.573" /><testcase classname="backend.tests.test_iter_f3_programa.TestRegresionPrevias" name="test_20_eventos_listing_ok" time="0.746" /><testcase classname="backend.tests.test_iter_f3_programa.TestRegresionPrevias" name="test_21_transporte_legacy_ok" time="0.571" /><testcase classname="backend.tests.test_iter_f3_programa.TestRegresionPrevias" name="test_22_plantilla_definitiva_ok" time="1.931" /></testsuite></testsuites>