<?xml version="1.0" encoding="utf-8"?><testsuites name="pytest tests"><testsuite name="pytest" errors="0" failures="0" skipped="0" tests="22" time="28.590" timestamp="2026-04-28T17:15:29.546360+00:00" hostname="agent-env-55932bcb-dde9-4120-ad99-a7bd8bdf5775"><testcase classname="backend.tests.test_iter13_director_general.TestLoginDirectorGeneral" name="test_login_dg_returns_token_and_flag" time="0.522" /><testcase classname="backend.tests.test_iter13_director_general.TestVerificaciones" name="test_dg_puede_editar" time="2.627" /><testcase classname="backend.tests.test_iter13_director_general.TestVerificaciones" name="test_admin_puede_editar" time="0.714" /><testcase classname="backend.tests.test_iter13_director_general.TestVerificaciones" name="test_gestor_normal_no_puede_editar" time="1.082" /><testcase classname="backend.tests.test_iter13_director_general.TestVerificaciones" name="test_dg_puede_cambiar_estado" time="2.814" /><testcase classname="backend.tests.test_iter13_director_general.TestVerificaciones" name="test_gestor_normal_no_puede_cambiar" time="0.499" /><testcase classname="backend.tests.test_iter13_director_general.TestVerificaciones" name="test_solicitar_verificacion_endpoint_existe" time="1.222" /><testcase classname="backend.tests.test_iter13_director_general.TestInformesNuevos" name="test_informe_pdf[D]" time="2.420" /><testcase classname="backend.tests.test_iter13_director_general.TestInformesNuevos" name="test_informe_pdf[I]" time="0.894" /><testcase classname="backend.tests.test_iter13_director_general.TestInformesNuevos" name="test_informe_pdf[J]" time="1.035" /><testcase classname="backend.tests.test_iter13_director_general.TestInformesRegresion" name="test_pdf_existente[A]" time="1.363" /><testcase classname="backend.tests.test_iter13_director_general.TestInformesRegresion" name="test_pdf_existente[B]" time="1.543" /><testcase classname="backend.tests.test_iter13_director_general.TestInformesRegresion" name="test_pdf_existente[C]" time="0.913" /><testcase classname="backend.tests.test_iter13_director_general.TestInformesRegresion" name="test_pdf_existente[E]" time="1.131" /><testcase classname="backend.tests.test_iter13_director_general.TestInformesRegresion" name="test_pdf_existente[F]" time="1.566" /><testcase classname="backend.tests.test_iter13_director_general.TestInformesRegresion" name="test_pdf_existente[G]" time="1.414" /><testcase classname="backend.tests.test_iter13_director_general.TestInformesRegresion" name="test_pdf_existente[H]" time="0.524" /><testcase classname="backend.tests.test_iter13_director_general.TestCalendarioGestor" name="test_calendario_eventos_admin" time="1.495" /><testcase classname="backend.tests.test_iter13_director_general.TestCalendarioGestor" name="test_calendario_dg" time="1.554" /><testcase classname="backend.tests.test_iter13_director_general.TestCalendarioPortal" name="test_portal_calendario_responde" time="1.460" /><testcase classname="backend.tests.test_iter13_director_general.TestInventarioRegresion" name="test_admin_acceso_inventario" time="0.853" /><testcase classname="backend.tests.test_iter13_director_general.TestInventarioRegresion" name="test_eventos_listing" time="0.855" /></testsuite></testsuites>