<?xml version="1.0" encoding="utf-8"?><testsuites name="pytest tests"><testsuite name="pytest" errors="0" failures="0" skipped="0" tests="8" time="18.776" timestamp="2026-04-24T21:15:15.361086+00:00" hostname="agent-env-55932bcb-dde9-4120-ad99-a7bd8bdf5775"><testcase classname="backend.tests.test_iter9_convocatoria.TestEnsayoInstrumentos" name="test_get_default_19" time="2.484" /><testcase classname="backend.tests.test_iter9_convocatoria.TestEnsayoInstrumentos" name="test_put_upsert_and_persist" time="2.474" /><testcase classname="backend.tests.test_iter9_convocatoria.TestCachetsConfigEvento" name="test_crud_full" time="5.016" /><testcase classname="backend.tests.test_iter9_convocatoria.TestCachetsConfigEvento" name="test_copy_from_base" time="0.919" /><testcase classname="backend.tests.test_iter9_convocatoria.TestPlantillasDefinitivas" name="test_convocado_en_disponibilidad_y_asistencia" time="1.891" /><testcase classname="backend.tests.test_iter9_convocatoria.TestSeguimiento" name="test_convocado_en_disponibilidad" time="1.344" /><testcase classname="backend.tests.test_iter9_convocatoria.TestGestionEconomica" name="test_endpoint_200" time="1.833" /><testcase classname="backend.tests.test_iter9_convocatoria.TestPortal" name="test_mis_eventos_ensayos_convocado" time="2.723" /></testsuite></testsuites>