<?xml version="1.0" encoding="utf-8"?><testsuites name="pytest tests"><testsuite name="pytest" errors="0" failures="0" skipped="0" tests="32" time="80.492" timestamp="2026-05-03T18:59:32.256121+00:00" hostname="agent-env-55932bcb-dde9-4120-ad99-a7bd8bdf5775"><testcase classname="backend.tests.test_iter_f1_provisionales.TestSchemaPlantillas" name="test_campos_provisional_presentes" time="7.512" /><testcase classname="backend.tests.test_iter_f1_provisionales.TestGestorProvisional" name="test_gestor_introduce_cache_extra_es_provisional" time="8.203" /><testcase classname="backend.tests.test_iter_f1_provisionales.TestGestorProvisional" name="test_admin_valida_y_total_incluye" time="6.249" /><testcase classname="backend.tests.test_iter_f1_provisionales.TestGestorProvisional" name="test_validar_ya_validado_400" time="3.106" /><testcase classname="backend.tests.test_iter_f1_provisionales.TestAdminDirecto" name="test_admin_introduce_transporte_no_provisional" time="6.451" /><testcase classname="backend.tests.test_iter_f1_provisionales.TestValidarErrores" name="test_gestor_normal_403" time="0.558" /><testcase classname="backend.tests.test_iter_f1_provisionales.TestValidarErrores" name="test_campo_invalido_400" time="0.509" /><testcase classname="backend.tests.test_iter_f1_provisionales.TestValidarErrores" name="test_gasto_inexistente_404" time="0.623" /><testcase classname="backend.tests.test_iter_f1_provisionales.TestPendientes" name="test_admin_recibe_contador" time="1.507" /><testcase classname="backend.tests.test_iter_f1_provisionales.TestPendientes" name="test_gestor_normal_recibe_cero" time="1.360" /><testcase classname="backend.tests.test_iter_f1_provisionales.TestGestionEconomica" name="test_provisional_excluido_de_total" time="7.861" /><testcase classname="backend.tests.test_iter_f2_transporte_ops.TestGetOperaciones" name="test_get_operaciones_estructura" time="1.550" /><testcase classname="backend.tests.test_iter_f2_transporte_ops.TestPutCabecera" name="test_put_cabecera_solo_actualiza_cabecera" time="1.552" /><testcase classname="backend.tests.test_iter_f2_transporte_ops.TestPostOperacion" name="test_post_operacion_con_items" time="1.953" /><testcase classname="backend.tests.test_iter_f2_transporte_ops.TestPostOperacion" name="test_post_tipo_invalido_422" time="0.472" /><testcase classname="backend.tests.test_iter_f2_transporte_ops.TestPostOperacion" name="test_post_carga_origen_acepta_items_repetidos" time="1.833" /><testcase classname="backend.tests.test_iter_f2_transporte_ops.TestPutOperacion" name="test_put_operacion_replace_items" time="2.961" /><testcase classname="backend.tests.test_iter_f2_transporte_ops.TestPutOperacion" name="test_put_operacion_404" time="0.672" /><testcase classname="backend.tests.test_iter_f2_transporte_ops.TestDeleteOperacion" name="test_delete_operacion_con_items" time="2.751" /><testcase classname="backend.tests.test_iter_f2_transporte_ops.TestDeleteOperacion" name="test_delete_operacion_404" time="0.606" /><testcase classname="backend.tests.test_iter_f2_transporte_ops.TestTiposValidos" name="test_tipo_valido[carga_origen]" time="0.806" /><testcase classname="backend.tests.test_iter_f2_transporte_ops.TestTiposValidos" name="test_tipo_valido[descarga_destino]" time="0.786" /><testcase classname="backend.tests.test_iter_f2_transporte_ops.TestTiposValidos" name="test_tipo_valido[carga_destino]" time="0.777" /><testcase classname="backend.tests.test_iter_f2_transporte_ops.TestTiposValidos" name="test_tipo_valido[descarga_origen]" time="0.770" /><testcase classname="backend.tests.test_iter_f2_transporte_ops.TestTiposValidos" name="test_tipo_valido[otro]" time="0.764" /><testcase classname="backend.tests.test_iter_f2_transporte_ops.TestListasFavoritas" name="test_get_listas_orden_nombre" time="0.651" /><testcase classname="backend.tests.test_iter_f2_transporte_ops.TestListasFavoritas" name="test_post_lista_creado_por_auto" time="0.610" /><testcase classname="backend.tests.test_iter_f2_transporte_ops.TestListasFavoritas" name="test_put_lista_actualiza" time="2.093" /><testcase classname="backend.tests.test_iter_f2_transporte_ops.TestListasFavoritas" name="test_delete_403_gestor_normal" time="1.086" /><testcase classname="backend.tests.test_iter_f2_transporte_ops.TestListasFavoritas" name="test_delete_admin_ok" time="1.974" /><testcase classname="backend.tests.test_iter_f2_transporte_ops.TestRegresionLegacy" name="test_get_legacy_transporte_material" time="0.622" /><testcase classname="backend.tests.test_iter_f2_transporte_ops.TestRegresionLegacy" name="test_put_legacy_transporte_material" time="11.174" /></testsuite></testsuites>