<?xml version="1.0" encoding="utf-8"?><testsuites name="pytest tests"><testsuite name="pytest" errors="0" failures="0" skipped="0" tests="7" time="16.679" timestamp="2026-05-02T11:43:51.370490+00:00" hostname="agent-env-55932bcb-dde9-4120-ad99-a7bd8bdf5775"><testcase classname="backend.tests.test_iter28_regression.TestMusicosEndpoint" name="test_listar_musicos_devuelve_15" time="1.223" /><testcase classname="backend.tests.test_iter28_regression.TestFirmaFlujoCompleto" name="test_1_put_firma_custom_persiste" time="1.458" /><testcase classname="backend.tests.test_iter28_regression.TestFirmaFlujoCompleto" name="test_2_responder_inyecta_firma_custom" time="4.654" /><testcase classname="backend.tests.test_iter28_regression.TestFirmaFlujoCompleto" name="test_3_borrar_firma_vuelve_a_default" time="6.852" /><testcase classname="backend.tests.test_iter28_regression.TestMarcarTodosLeidos" name="test_marcar_todos_leidos_idempotente" time="0.630" /><testcase classname="backend.tests.test_iter28_regression.TestGuards" name="test_gestor_no_admin_403_put_config" time="0.897" /><testcase classname="backend.tests.test_iter28_regression.TestGuards" name="test_musico_no_acceso_bandeja" time="0.896" /></testsuite></testsuites>