<?xml version="1.0" encoding="utf-8"?><testsuites name="pytest tests"><testsuite name="pytest" errors="0" failures="0" skipped="0" tests="10" time="18.620" timestamp="2026-05-03T13:01:29.832665+00:00" hostname="agent-env-55932bcb-dde9-4120-ad99-a7bd8bdf5775"><testcase classname="backend.tests.test_iter31_prefs" name="test_get_prefs_admin_initial" time="3.757" /><testcase classname="backend.tests.test_iter31_prefs" name="test_get_prefs_musico_initial" time="0.593" /><testcase classname="backend.tests.test_iter31_prefs" name="test_put_prefs_admin_and_persistence" time="1.445" /><testcase classname="backend.tests.test_iter31_prefs" name="test_put_merge_partial_does_not_wipe_untouched_keys" time="2.186" /><testcase classname="backend.tests.test_iter31_prefs" name="test_put_null_deletes_key" time="2.113" /><testcase classname="backend.tests.test_iter31_prefs" name="test_prefs_isolation_between_users" time="3.455" /><testcase classname="backend.tests.test_iter31_prefs" name="test_musico_can_put_own_prefs" time="1.406" /><testcase classname="backend.tests.test_iter31_prefs" name="test_regression_gestor_bandeja_reachable" time="0.109" /><testcase classname="backend.tests.test_iter31_prefs" name="test_regression_portal_mi_perfil_reachable" time="0.462" /><testcase classname="backend.tests.test_iter31_prefs" name="test_regression_no_auth_returns_401" time="3.004" /></testsuite></testsuites>