<?xml version="1.0" encoding="utf-8"?><testsuites name="pytest tests"><testsuite name="pytest" errors="0" failures="0" skipped="0" tests="19" time="27.524" timestamp="2026-04-28T17:52:20.565787+00:00" hostname="agent-env-55932bcb-dde9-4120-ad99-a7bd8bdf5775"><testcase classname="backend.tests.test_iter14_final.TestAuth" name="test_login_director_general" time="0.497" /><testcase classname="backend.tests.test_iter14_final.TestVerificacionesHistorial" name="test_historial_dg_200" time="2.148" /><testcase classname="backend.tests.test_iter14_final.TestVerificacionesHistorial" name="test_historial_admin_200" time="0.603" /><testcase classname="backend.tests.test_iter14_final.TestVerificacionesHistorial" name="test_historial_gestor_regular_403" time="0.870" /><testcase classname="backend.tests.test_iter14_final.TestDashboardResumen" name="test_dashboard_admin_estructura" time="1.470" /><testcase classname="backend.tests.test_iter14_final.TestDashboardResumen" name="test_dashboard_dg_200" time="1.496" /><testcase classname="backend.tests.test_iter14_final.TestDashboardResumen" name="test_dashboard_gestor_regular_200" time="1.491" /><testcase classname="backend.tests.test_iter14_final.TestResetVerificaciones" name="test_reset_al_pasar_abierto_a_borrador" time="5.659" /><testcase classname="backend.tests.test_iter14_final.TestMontajeGenerar" name="test_generar_montaje_acepta_ensayo_id_query" time="2.659" /><testcase classname="backend.tests.test_iter14_final.TestInformesRegresion" name="test_pdf_tipo[A]" time="1.227" /><testcase classname="backend.tests.test_iter14_final.TestInformesRegresion" name="test_pdf_tipo[B]" time="1.096" /><testcase classname="backend.tests.test_iter14_final.TestInformesRegresion" name="test_pdf_tipo[C]" time="0.775" /><testcase classname="backend.tests.test_iter14_final.TestInformesRegresion" name="test_pdf_tipo[D]" time="2.090" /><testcase classname="backend.tests.test_iter14_final.TestInformesRegresion" name="test_pdf_tipo[E]" time="0.956" /><testcase classname="backend.tests.test_iter14_final.TestInformesRegresion" name="test_pdf_tipo[F]" time="1.053" /><testcase classname="backend.tests.test_iter14_final.TestInformesRegresion" name="test_pdf_tipo[G]" time="1.184" /><testcase classname="backend.tests.test_iter14_final.TestInformesRegresion" name="test_pdf_tipo[H]" time="0.464" /><testcase classname="backend.tests.test_iter14_final.TestInformesRegresion" name="test_pdf_tipo[I]" time="0.742" /><testcase classname="backend.tests.test_iter14_final.TestInformesRegresion" name="test_pdf_tipo[J]" time="0.945" /></testsuite></testsuites>