<?xml version="1.0" encoding="utf-8"?><testsuites name="pytest tests"><testsuite name="pytest" errors="0" failures="0" skipped="0" tests="17" time="19.771" timestamp="2026-05-03T19:24:20.655857+00:00" hostname="agent-env-55932bcb-dde9-4120-ad99-a7bd8bdf5775"><testcase classname="backend.tests.test_iter_f4_fichaje_plantillas.TestFichajeConfig" name="test_01_get_config_devuelve_13_campos" time="2.863" /><testcase classname="backend.tests.test_iter_f4_fichaje_plantillas.TestFichajeConfig" name="test_02_put_config_con_5_campos_originales" time="1.409" /><testcase classname="backend.tests.test_iter_f4_fichaje_plantillas.TestFichajeConfig" name="test_03_put_config_con_8_campos_notificaciones" time="1.394" /><testcase classname="backend.tests.test_iter_f4_fichaje_plantillas.TestPlantillasFichaje" name="test_10_get_plantillas_estructura" time="0.570" /><testcase classname="backend.tests.test_iter_f4_fichaje_plantillas.TestPlantillasFichaje" name="test_11_post_plantilla_columnas_planas" time="1.087" /><testcase classname="backend.tests.test_iter_f4_fichaje_plantillas.TestPlantillasFichaje" name="test_12_put_plantilla_admin_edita" time="1.237" /><testcase classname="backend.tests.test_iter_f4_fichaje_plantillas.TestPlantillasFichaje" name="test_13_gestor_normal_403_put_plantilla_de_admin" time="1.111" /><testcase classname="backend.tests.test_iter_f4_fichaje_plantillas.TestPlantillasFichaje" name="test_14_gestor_normal_403_delete_plantilla_de_admin" time="0.555" /><testcase classname="backend.tests.test_iter_f4_fichaje_plantillas.TestPlantillasFichaje" name="test_15_delete_plantilla_404" time="0.555" /><testcase classname="backend.tests.test_iter_f4_fichaje_plantillas.TestPlantillasFichaje" name="test_16_put_plantilla_404" time="0.619" /><testcase classname="backend.tests.test_iter_f4_fichaje_plantillas.TestAplicarPlantilla" name="test_20_aplicar_plantilla_a_ensayo" time="2.220" /><testcase classname="backend.tests.test_iter_f4_fichaje_plantillas.TestAplicarPlantilla" name="test_21_aplicar_plantilla_ensayo_404_plantilla" time="0.558" /><testcase classname="backend.tests.test_iter_f4_fichaje_plantillas.TestAplicarPlantilla" name="test_22_aplicar_plantilla_ensayo_404_ensayo" time="0.699" /><testcase classname="backend.tests.test_iter_f4_fichaje_plantillas.TestAplicarPlantilla" name="test_23_aplicar_plantilla_a_evento" time="0.986" /><testcase classname="backend.tests.test_iter_f4_fichaje_plantillas.TestAplicarPlantilla" name="test_24_aplicar_plantilla_evento_404" time="0.580" /><testcase classname="backend.tests.test_iter_f4_fichaje_plantillas.TestRegresion" name="test_30_listas_obras_favoritas_ok" time="0.580" /><testcase classname="backend.tests.test_iter_f4_fichaje_plantillas.TestRegresion" name="test_31_eventos_ok" time="2.626" /></testsuite></testsuites>