<?xml version="1.0" encoding="utf-8"?><testsuites name="pytest tests"><testsuite name="pytest" errors="0" failures="0" skipped="0" tests="7" time="20.064" timestamp="2026-05-03T12:43:57.018717+00:00" hostname="agent-env-55932bcb-dde9-4120-ad99-a7bd8bdf5775"><testcase classname="backend.tests.test_iter30_iterB" name="test_plantillas_definitivas_get" time="3.676" /><testcase classname="backend.tests.test_iter30_iterB" name="test_gestor_eventos_get" time="0.771" /><testcase classname="backend.tests.test_iter30_iterB" name="test_portal_perfil_persiste_nivel_estudios[Superior finalizado]" time="3.437" /><testcase classname="backend.tests.test_iter30_iterB" name="test_portal_perfil_persiste_nivel_estudios[Superior cursando]" time="2.962" /><testcase classname="backend.tests.test_iter30_iterB" name="test_portal_perfil_persiste_nivel_estudios[Profesional finalizado]" time="2.944" /><testcase classname="backend.tests.test_iter30_iterB" name="test_portal_perfil_persiste_nivel_estudios[Profesional cursando]" time="2.955" /><testcase classname="backend.tests.test_iter30_iterB" name="test_portal_perfil_persistencia_via_relogin" time="3.248" /></testsuite></testsuites>