<?xml version="1.0" encoding="utf-8"?><testsuites name="pytest tests"><testsuite name="pytest" errors="0" failures="0" skipped="0" tests="14" time="14.545" timestamp="2026-04-21T11:07:05.407946+00:00" hostname="agent-env-55932bcb-dde9-4120-ad99-a7bd8bdf5775"><testcase classname="tests.test_opus_manager.TestHealthAndAuth" name="test_health" time="0.128" /><testcase classname="tests.test_opus_manager.TestHealthAndAuth" name="test_gestor_login" time="0.401" /><testcase classname="tests.test_opus_manager.TestHealthAndAuth" name="test_musico_login" time="0.361" /><testcase classname="tests.test_opus_manager.TestHealthAndAuth" name="test_login_bad_credentials" time="0.277" /><testcase classname="tests.test_opus_manager.TestGestorMusicos" name="test_list_musicos" time="1.027" /><testcase classname="tests.test_opus_manager.TestGestorMusicos" name="test_list_musicos_with_q" time="1.525" /><testcase classname="tests.test_opus_manager.TestGestorMusicos" name="test_list_musicos_estado_activo" time="1.012" /><testcase classname="tests.test_opus_manager.TestGestorMusicos" name="test_instrumentos_endpoint" time="0.997" /><testcase classname="tests.test_opus_manager.TestCrearMusico" name="test_crear_musico_resend_unconfigured" time="1.716" /><testcase classname="tests.test_opus_manager.TestCrearMusico" name="test_crear_musico_duplicate" time="1.018" /><testcase classname="tests.test_opus_manager.TestExportXlsx" name="test_export_xlsx_download" time="1.278" /><testcase classname="tests.test_opus_manager.TestPortalMisEventos" name="test_mis_eventos" time="1.732" /><testcase classname="tests.test_opus_manager.TestPortalCalendario" name="test_calendario_structure" time="1.151" /><testcase classname="tests.test_opus_manager.TestCambiarPasswordPrimeraVez" name="test_endpoint_updates_flag" time="1.387" /></testsuite></testsuites>