<?xml version="1.0" encoding="utf-8"?><testsuites name="pytest tests"><testsuite name="pytest" errors="0" failures="0" skipped="0" tests="16" time="9.816" timestamp="2026-04-01T13:06:55.384580+00:00" hostname="agent-env-55932bcb-dde9-4120-ad99-a7bd8bdf5775"><testcase classname="tests.test_roles_permissions.TestAuthLogin" name="test_login_success_returns_token" time="0.493" /><testcase classname="tests.test_roles_permissions.TestAuthLogin" name="test_login_invalid_credentials" time="0.111" /><testcase classname="tests.test_roles_permissions.TestAuthLogin" name="test_auth_me_with_bearer_token" time="0.475" /><testcase classname="tests.test_roles_permissions.TestRolesAPI" name="test_get_roles_returns_5_specific_roles" time="0.526" /><testcase classname="tests.test_roles_permissions.TestRolesAPI" name="test_roles_requires_admin" time="0.133" /><testcase classname="tests.test_roles_permissions.TestUserManagement" name="test_get_all_users" time="0.486" /><testcase classname="tests.test_roles_permissions.TestUserManagement" name="test_create_user_with_personal_role" time="0.920" /><testcase classname="tests.test_roles_permissions.TestUserManagement" name="test_update_user_role" time="1.030" /><testcase classname="tests.test_roles_permissions.TestUserManagement" name="test_delete_user" time="0.864" /><testcase classname="tests.test_roles_permissions.TestPermissionsConfig" name="test_get_permissions_config" time="0.501" /><testcase classname="tests.test_roles_permissions.TestPermissionsConfig" name="test_save_permissions_config" time="0.553" /><testcase classname="tests.test_roles_permissions.TestPermissionsConfig" name="test_get_roles_config" time="0.481" /><testcase classname="tests.test_roles_permissions.TestPermissionsConfig" name="test_save_roles_config" time="0.485" /><testcase classname="tests.test_roles_permissions.TestUserPermissions" name="test_get_user_permissions_admin" time="0.460" /><testcase classname="tests.test_roles_permissions.TestUserPermissions" name="test_get_user_permissions_non_admin" time="1.203" /><testcase classname="tests.test_roles_permissions.TestSendCredentials" name="test_send_credentials_mocked" time="0.863" /></testsuite></testsuites>